<?xml version="1.0" encoding="UTF-8"?>
<testng-results skipped="0" failed="1" ignored="0" total="2" passed="1">
  <reporter-output>
  </reporter-output>
  <suite name="TesterHome" duration-ms="17785" started-at="2017-05-23T09:06:05Z" finished-at="2017-05-23T09:06:22Z">
    <groups>
    </groups>
    <test name="登录" duration-ms="17267" started-at="2017-05-23T09:06:05Z" finished-at="2017-05-23T09:06:22Z">
      <class name="test.LoginPageTest">
        <test-method status="PASS" signature="initializeTestBaseSetup(java.lang.String, java.lang.String, java.lang.String)[pri:0, instance:test.LoginPageTest@48eff760]" name="initializeTestBaseSetup" is-config="true" duration-ms="9901" started-at="2017-05-23T17:06:05Z" finished-at="2017-05-23T17:06:15Z">
          <params>
            <param index="0">
              <value>
                <![CDATA[chrome]]>
              </value>
            </param>
            <param index="1">
              <value>
                <![CDATA[https://testerhome.com/account/sign_in]]>
              </value>
            </param>
            <param index="2">
              <value>
                <![CDATA[C:\Program Files (x86)\Google\Chrome\Application\]]>
              </value>
            </param>
          </params>
          <reporter-output>
          </reporter-output>
        </test-method> <!-- initializeTestBaseSetup -->
        <test-method status="PASS" signature="setUp()[pri:0, instance:test.LoginPageTest@48eff760]" name="setUp" is-config="true" duration-ms="0" started-at="2017-05-23T17:06:15Z" finished-at="2017-05-23T17:06:15Z">
          <reporter-output>
          </reporter-output>
        </test-method> <!-- setUp -->
        <test-method status="PASS" signature="testLogin()[pri:0, instance:test.LoginPageTest@48eff760]" name="testLogin" duration-ms="4921" started-at="2017-05-23T17:06:15Z" finished-at="2017-05-23T17:06:20Z">
          <reporter-output>
          </reporter-output>
        </test-method> <!-- testLogin -->
        <test-method status="PASS" signature="tearDown()[pri:0, instance:test.LoginPageTest@48eff760]" name="tearDown" is-config="true" duration-ms="2387" started-at="2017-05-23T17:06:20Z" finished-at="2017-05-23T17:06:22Z">
          <reporter-output>
          </reporter-output>
        </test-method> <!-- tearDown -->
      </class> <!-- test.LoginPageTest -->
    </test> <!-- 登录 -->
    <test name="社区" duration-ms="17785" started-at="2017-05-23T09:06:05Z" finished-at="2017-05-23T09:06:22Z">
      <class name="test.MyinfoPageTest">
        <test-method status="PASS" signature="initializeTestBaseSetup(java.lang.String, java.lang.String, java.lang.String)[pri:0, instance:test.MyinfoPageTest@9629756]" name="initializeTestBaseSetup" is-config="true" duration-ms="10045" started-at="2017-05-23T17:06:05Z" finished-at="2017-05-23T17:06:15Z">
          <params>
            <param index="0">
              <value>
                <![CDATA[chrome]]>
              </value>
            </param>
            <param index="1">
              <value>
                <![CDATA[https://testerhome.com/account/sign_in]]>
              </value>
            </param>
            <param index="2">
              <value>
                <![CDATA[C:\Program Files (x86)\Google\Chrome\Application\]]>
              </value>
            </param>
          </params>
          <reporter-output>
          </reporter-output>
        </test-method> <!-- initializeTestBaseSetup -->
        <test-method status="PASS" signature="setUp()[pri:0, instance:test.MyinfoPageTest@9629756]" name="setUp" is-config="true" duration-ms="0" started-at="2017-05-23T17:06:15Z" finished-at="2017-05-23T17:06:15Z">
          <reporter-output>
          </reporter-output>
        </test-method> <!-- setUp -->
        <test-method status="FAIL" signature="testMyInfo()[pri:0, instance:test.MyinfoPageTest@9629756]" name="testMyInfo" duration-ms="6826" started-at="2017-05-23T17:06:15Z" finished-at="2017-05-23T17:06:22Z">
          <exception class="java.lang.AssertionError">
            <message>
              <![CDATA[检查点不通过 expected [true] but found [false]]]>
            </message>
            <full-stacktrace>
              <![CDATA[java.lang.AssertionError: 检查点不通过 expected [true] but found [false]
	at org.testng.Assert.fail(Assert.java:93)
	at org.testng.Assert.failNotEquals(Assert.java:512)
	at org.testng.Assert.assertTrue(Assert.java:41)
	at test.MyinfoPageTest.testMyInfo(MyinfoPageTest.java:30)
	at sun.reflect.NativeMethodAccessorImpl.invoke0(Native Method)
	at sun.reflect.NativeMethodAccessorImpl.invoke(NativeMethodAccessorImpl.java:62)
	at sun.reflect.DelegatingMethodAccessorImpl.invoke(DelegatingMethodAccessorImpl.java:43)
	at java.lang.reflect.Method.invoke(Method.java:498)
	at org.testng.internal.MethodInvocationHelper.invokeMethod(MethodInvocationHelper.java:108)
	at org.testng.internal.Invoker.invokeMethod(Invoker.java:661)
	at org.testng.internal.Invoker.invokeTestMethod(Invoker.java:869)
	at org.testng.internal.Invoker.invokeTestMethods(Invoker.java:1193)
	at org.testng.internal.TestMethodWorker.invokeTestMethods(TestMethodWorker.java:126)
	at org.testng.internal.TestMethodWorker.run(TestMethodWorker.java:109)
	at org.testng.TestRunner.privateRun(TestRunner.java:744)
	at org.testng.TestRunner.run(TestRunner.java:602)
	at org.testng.SuiteRunner.runTest(SuiteRunner.java:380)
	at org.testng.SuiteRunner.access$000(SuiteRunner.java:39)
	at org.testng.SuiteRunner$SuiteWorker.run(SuiteRunner.java:414)
	at org.testng.internal.thread.ThreadUtil$1.call(ThreadUtil.java:52)
	at java.util.concurrent.FutureTask.run(FutureTask.java:266)
	at java.util.concurrent.ThreadPoolExecutor.runWorker(ThreadPoolExecutor.java:1142)
	at java.util.concurrent.ThreadPoolExecutor$Worker.run(ThreadPoolExecutor.java:617)
	at java.lang.Thread.run(Thread.java:745)
]]>
            </full-stacktrace>
          </exception> <!-- java.lang.AssertionError -->
          <reporter-output>
          </reporter-output>
        </test-method> <!-- testMyInfo -->
        <test-method status="PASS" signature="tearDown()[pri:0, instance:test.MyinfoPageTest@9629756]" name="tearDown" is-config="true" duration-ms="860" started-at="2017-05-23T17:06:22Z" finished-at="2017-05-23T17:06:22Z">
          <reporter-output>
          </reporter-output>
        </test-method> <!-- tearDown -->
      </class> <!-- test.MyinfoPageTest -->
    </test> <!-- 社区 -->
  </suite> <!-- TesterHome -->
</testng-results>
