<?xml version="1.0" encoding="UTF-8"?>
<testsuite xmlns:xsi="http://www.w3.org/2001/XMLSchema-instance" xsi:noNamespaceSchemaLocation="https://maven.apache.org/surefire/maven-surefire-plugin/xsd/surefire-test-report.xsd" name="TestSuite" time="34.96" tests="1" errors="0" skipped="0" failures="1">
  <properties>
[...]
</properties>
  <testcase name="testApplyContinue" classname="test.ApplyContinueTest" time="27.985">
    <failure message="Expected condition failed: waiting for presence of element located by: By.xpath: //*[@id=&quot;wiseoper-content&quot;]/div[3]/div/div[1]/span[3] (tried for 10 second(s) with 500 MILLISECONDS interval)" type="org.openqa.selenium.TimeoutException">org.openqa.selenium.TimeoutException: Expected condition failed: waiting for presence of element located by: By.xpath: //*[@id="wiseoper-content"]/div[3]/div/div[1]/span[3] (tried for 10 second(s) with 500 MILLISECONDS interval)
	at test.ApplyContinueTest.testApplyContinue(ApplyContinueTest.java:32)
Caused by: org.openqa.selenium.NoSuchElementException: 
Cannot locate an element using By.xpath: //*[@id="wiseoper-content"]/div[3]/div/div[1]/span[3]
For documentation on this error, please visit: http://seleniumhq.org/exceptions/no_such_element.html
Build info: version: '3.4.0', revision: 'unknown', time: 'unknown'
System info: host: '4CV65290DX', ip: '192.168.1.180', os.name: 'Windows 7', os.arch: 'amd64', os.version: '6.1', java.version: '1.8.0_111'
Driver info: driver.version: unknown
	at test.ApplyContinueTest.testApplyContinue(ApplyContinueTest.java:32)
</failure>
    <system-out><![CDATA[[INFO ] 2017-07-05 17:07:09,609 method:util.TestMonitor.onStart(TestMonitor.java:24)
Test 账号延期 Starts
[DEBUG] 2017-07-05 17:07:10,583 method:org.apache.http.client.protocol.RequestAddCookies.process(RequestAddCookies.java:123)
CookieSpec selected: default
[DEBUG] 2017-07-05 17:07:10,590 method:org.apache.http.client.protocol.RequestAuthCache.process(RequestAuthCache.java:77)
Auth cache not set in the context
[DEBUG] 2017-07-05 17:07:10,592 method:org.apache.http.impl.conn.PoolingHttpClientConnectionManager.requestConnection(PoolingHttpClientConnectionManager.java:255)
Connection request: [route: {}->http://localhost:23176][total kept alive: 0; route allocated: 0 of 2000; total allocated: 0 of 2000]
[DEBUG] 2017-07-05 17:07:10,602 method:org.apache.http.impl.conn.PoolingHttpClientConnectionManager.leaseConnection(PoolingHttpClientConnectionManager.java:288)
Connection leased: [id: 0][route: {}->http://localhost:23176][total kept alive: 0; route allocated: 1 of 2000; total allocated: 1 of 2000]
[DEBUG] 2017-07-05 17:07:10,604 method:org.apache.http.impl.execchain.MainClientExec.execute(MainClientExec.java:235)
Opening connection {}->http://localhost:23176
[DEBUG] 2017-07-05 17:07:10,606 method:org.apache.http.impl.conn.DefaultHttpClientConnectionOperator.connect(DefaultHttpClientConnectionOperator.java:139)
Connecting to localhost/127.0.0.1:23176
[DEBUG] 2017-07-05 17:07:10,609 method:org.apache.http.impl.conn.DefaultHttpClientConnectionOperator.connect(DefaultHttpClientConnectionOperator.java:146)
Connection established 127.0.0.1:59655<->127.0.0.1:23176
[DEBUG] 2017-07-05 17:07:10,609 method:org.apache.http.impl.conn.LoggingManagedHttpClientConnection.setSocketTimeout(LoggingManagedHttpClientConnection.java:88)
http-outgoing-0: set socket timeout to 10800000
[DEBUG] 2017-07-05 17:07:10,610 method:org.apache.http.impl.execchain.MainClientExec.execute(MainClientExec.java:256)
Executing request POST /session HTTP/1.1
[DEBUG] 2017-07-05 17:07:10,610 method:org.apache.http.impl.execchain.MainClientExec.execute(MainClientExec.java:261)
Target auth state: UNCHALLENGED
[DEBUG] 2017-07-05 17:07:10,611 method:org.apache.http.impl.execchain.MainClientExec.execute(MainClientExec.java:267)
Proxy auth state: UNCHALLENGED
[DEBUG] 2017-07-05 17:07:10,614 method:org.apache.http.impl.conn.LoggingManagedHttpClientConnection.onRequestSubmitted(LoggingManagedHttpClientConnection.java:133)
http-outgoing-0 >> POST /session HTTP/1.1
[DEBUG] 2017-07-05 17:07:10,615 method:org.apache.http.impl.conn.LoggingManagedHttpClientConnection.onRequestSubmitted(LoggingManagedHttpClientConnection.java:136)
http-outgoing-0 >> Content-Type: application/json; charset=utf-8
[DEBUG] 2017-07-05 17:07:10,616 method:org.apache.http.impl.conn.LoggingManagedHttpClientConnection.onRequestSubmitted(LoggingManagedHttpClientConnection.java:136)
http-outgoing-0 >> Content-Length: 550
[DEBUG] 2017-07-05 17:07:10,616 method:org.apache.http.impl.conn.LoggingManagedHttpClientConnection.onRequestSubmitted(LoggingManagedHttpClientConnection.java:136)
http-outgoing-0 >> Host: localhost:23176
[DEBUG] 2017-07-05 17:07:10,618 method:org.apache.http.impl.conn.LoggingManagedHttpClientConnection.onRequestSubmitted(LoggingManagedHttpClientConnection.java:136)
http-outgoing-0 >> Connection: Keep-Alive
[DEBUG] 2017-07-05 17:07:10,618 method:org.apache.http.impl.conn.LoggingManagedHttpClientConnection.onRequestSubmitted(LoggingManagedHttpClientConnection.java:136)
http-outgoing-0 >> User-Agent: Apache-HttpClient/4.5.3 (Java/1.8.0_111)
[DEBUG] 2017-07-05 17:07:10,618 method:org.apache.http.impl.conn.LoggingManagedHttpClientConnection.onRequestSubmitted(LoggingManagedHttpClientConnection.java:136)
http-outgoing-0 >> Accept-Encoding: gzip,deflate
[DEBUG] 2017-07-05 17:07:10,619 method:org.apache.http.impl.conn.Wire.wire(Wire.java:73)
http-outgoing-0 >> "POST /session HTTP/1.1[\r][\n]"
[DEBUG] 2017-07-05 17:07:10,619 method:org.apache.http.impl.conn.Wire.wire(Wire.java:73)
http-outgoing-0 >> "Content-Type: application/json; charset=utf-8[\r][\n]"
[DEBUG] 2017-07-05 17:07:10,619 method:org.apache.http.impl.conn.Wire.wire(Wire.java:73)
http-outgoing-0 >> "Content-Length: 550[\r][\n]"
[DEBUG] 2017-07-05 17:07:10,619 method:org.apache.http.impl.conn.Wire.wire(Wire.java:73)
http-outgoing-0 >> "Host: localhost:23176[\r][\n]"
[DEBUG] 2017-07-05 17:07:10,619 method:org.apache.http.impl.conn.Wire.wire(Wire.java:73)
http-outgoing-0 >> "Connection: Keep-Alive[\r][\n]"
[DEBUG] 2017-07-05 17:07:10,619 method:org.apache.http.impl.conn.Wire.wire(Wire.java:73)
http-outgoing-0 >> "User-Agent: Apache-HttpClient/4.5.3 (Java/1.8.0_111)[\r][\n]"
[DEBUG] 2017-07-05 17:07:10,620 method:org.apache.http.impl.conn.Wire.wire(Wire.java:73)
http-outgoing-0 >> "Accept-Encoding: gzip,deflate[\r][\n]"
[DEBUG] 2017-07-05 17:07:10,621 method:org.apache.http.impl.conn.Wire.wire(Wire.java:73)
http-outgoing-0 >> "[\r][\n]"
[DEBUG] 2017-07-05 17:07:10,621 method:org.apache.http.impl.conn.Wire.wire(Wire.java:73)
http-outgoing-0 >> "{[\n]"
[DEBUG] 2017-07-05 17:07:10,622 method:org.apache.http.impl.conn.Wire.wire(Wire.java:73)
http-outgoing-0 >> "  "desiredCapabilities": {[\n]"
[DEBUG] 2017-07-05 17:07:10,622 method:org.apache.http.impl.conn.Wire.wire(Wire.java:73)
http-outgoing-0 >> "    "browserName": "chrome",[\n]"
[DEBUG] 2017-07-05 17:07:10,623 method:org.apache.http.impl.conn.Wire.wire(Wire.java:73)
http-outgoing-0 >> "    "chromeOptions": {[\n]"
[DEBUG] 2017-07-05 17:07:10,623 method:org.apache.http.impl.conn.Wire.wire(Wire.java:73)
http-outgoing-0 >> "      "args": [],[\n]"
[DEBUG] 2017-07-05 17:07:10,624 method:org.apache.http.impl.conn.Wire.wire(Wire.java:73)
http-outgoing-0 >> "      "extensions": [][\n]"
[DEBUG] 2017-07-05 17:07:10,625 method:org.apache.http.impl.conn.Wire.wire(Wire.java:73)
http-outgoing-0 >> "    },[\n]"
[DEBUG] 2017-07-05 17:07:10,625 method:org.apache.http.impl.conn.Wire.wire(Wire.java:73)
http-outgoing-0 >> "    "version": "",[\n]"
[DEBUG] 2017-07-05 17:07:10,625 method:org.apache.http.impl.conn.Wire.wire(Wire.java:73)
http-outgoing-0 >> "    "platform": "ANY"[\n]"
[DEBUG] 2017-07-05 17:07:10,626 method:org.apache.http.impl.conn.Wire.wire(Wire.java:73)
http-outgoing-0 >> "  },[\n]"
[DEBUG] 2017-07-05 17:07:10,627 method:org.apache.http.impl.conn.Wire.wire(Wire.java:73)
http-outgoing-0 >> "  "requiredCapabilities": {},[\n]"
[DEBUG] 2017-07-05 17:07:10,627 method:org.apache.http.impl.conn.Wire.wire(Wire.java:73)
http-outgoing-0 >> "  "capabilities": {[\n]"
[DEBUG] 2017-07-05 17:07:10,628 method:org.apache.http.impl.conn.Wire.wire(Wire.java:73)
http-outgoing-0 >> "    "desiredCapabilities": {[\n]"
[DEBUG] 2017-07-05 17:07:10,628 method:org.apache.http.impl.conn.Wire.wire(Wire.java:73)
http-outgoing-0 >> "      "browserName": "chrome",[\n]"
[DEBUG] 2017-07-05 17:07:10,628 method:org.apache.http.impl.conn.Wire.wire(Wire.java:73)
http-outgoing-0 >> "      "chromeOptions": {[\n]"
[DEBUG] 2017-07-05 17:07:10,629 method:org.apache.http.impl.conn.Wire.wire(Wire.java:73)
http-outgoing-0 >> "        "args": [],[\n]"
[DEBUG] 2017-07-05 17:07:10,630 method:org.apache.http.impl.conn.Wire.wire(Wire.java:73)
http-outgoing-0 >> "        "extensions": [][\n]"
[DEBUG] 2017-07-05 17:07:10,631 method:org.apache.http.impl.conn.Wire.wire(Wire.java:73)
http-outgoing-0 >> "      },[\n]"
[DEBUG] 2017-07-05 17:07:10,631 method:org.apache.http.impl.conn.Wire.wire(Wire.java:73)
http-outgoing-0 >> "      "version": "",[\n]"
[DEBUG] 2017-07-05 17:07:10,631 method:org.apache.http.impl.conn.Wire.wire(Wire.java:73)
http-outgoing-0 >> "      "platform": "ANY"[\n]"
[DEBUG] 2017-07-05 17:07:10,631 method:org.apache.http.impl.conn.Wire.wire(Wire.java:73)
http-outgoing-0 >> "    },[\n]"
[DEBUG] 2017-07-05 17:07:10,631 method:org.apache.http.impl.conn.Wire.wire(Wire.java:73)
http-outgoing-0 >> "    "requiredCapabilities": {},[\n]"
[DEBUG] 2017-07-05 17:07:10,631 method:org.apache.http.impl.conn.Wire.wire(Wire.java:73)
http-outgoing-0 >> "    "alwaysMatch": {},[\n]"
[DEBUG] 2017-07-05 17:07:10,632 method:org.apache.http.impl.conn.Wire.wire(Wire.java:73)
http-outgoing-0 >> "    "firstMatch": [[\n]"
[DEBUG] 2017-07-05 17:07:10,632 method:org.apache.http.impl.conn.Wire.wire(Wire.java:73)
http-outgoing-0 >> "      {[\n]"
[DEBUG] 2017-07-05 17:07:10,632 method:org.apache.http.impl.conn.Wire.wire(Wire.java:73)
http-outgoing-0 >> "        "browserName": "chrome"[\n]"
[DEBUG] 2017-07-05 17:07:10,632 method:org.apache.http.impl.conn.Wire.wire(Wire.java:73)
http-outgoing-0 >> "      }[\n]"
[DEBUG] 2017-07-05 17:07:10,632 method:org.apache.http.impl.conn.Wire.wire(Wire.java:73)
http-outgoing-0 >> "    ][\n]"
[DEBUG] 2017-07-05 17:07:10,632 method:org.apache.http.impl.conn.Wire.wire(Wire.java:73)
http-outgoing-0 >> "  }[\n]"
[DEBUG] 2017-07-05 17:07:10,633 method:org.apache.http.impl.conn.Wire.wire(Wire.java:87)
http-outgoing-0 >> "}"
[DEBUG] 2017-07-05 17:07:11,371 method:org.apache.http.impl.conn.Wire.wire(Wire.java:73)
http-outgoing-0 << "HTTP/1.1 200 OK[\r][\n]"
[DEBUG] 2017-07-05 17:07:11,371 method:org.apache.http.impl.conn.Wire.wire(Wire.java:73)
http-outgoing-0 << "Content-Length:781[\r][\n]"
[DEBUG] 2017-07-05 17:07:11,371 method:org.apache.http.impl.conn.Wire.wire(Wire.java:73)
http-outgoing-0 << "Content-Type:application/json; charset=utf-8[\r][\n]"
[DEBUG] 2017-07-05 17:07:11,372 method:org.apache.http.impl.conn.Wire.wire(Wire.java:73)
http-outgoing-0 << "Connection:close[\r][\n]"
[DEBUG] 2017-07-05 17:07:11,372 method:org.apache.http.impl.conn.Wire.wire(Wire.java:73)
http-outgoing-0 << "[\r][\n]"
[DEBUG] 2017-07-05 17:07:11,372 method:org.apache.http.impl.conn.Wire.wire(Wire.java:87)
http-outgoing-0 << "{"sessionId":"408d3c17918aedf77d102f992aa918b8","status":0,"value":{"acceptSslCerts":true,"applicationCacheEnabled":false,"browserConnectionEnabled":false,"browserName":"chrome","chrome":{"chromedriverVersion":"2.29.461591 (62ebf098771772160f391d75e589dc567915b233)","userDataDir":"C:\\Users\\SWX458~1\\AppData\\Local\\Temp\\scoped_dir14024_8515"},"cssSelectorsEnabled":true,"databaseEnabled":false,"handlesAlerts":true,"hasTouchScreen":false,"javascriptEnabled":true,"locationContextEnabled":true,"mobileEmulationEnabled":false,"nativeEvents":true,"networkConnectionEnabled":false,"pageLoadStrategy":"normal","platform":"Windows NT","rotatable":false,"takesHeapSnapshot":true,"takesScreenshot":true,"unexpectedAlertBehaviour":"","version":"57.0.2987.98","webStorageEnabled":true}}"
[DEBUG] 2017-07-05 17:07:11,378 method:org.apache.http.impl.conn.LoggingManagedHttpClientConnection.onResponseReceived(LoggingManagedHttpClientConnection.java:122)
http-outgoing-0 << HTTP/1.1 200 OK
[DEBUG] 2017-07-05 17:07:11,379 method:org.apache.http.impl.conn.LoggingManagedHttpClientConnection.onResponseReceived(LoggingManagedHttpClientConnection.java:125)
http-outgoing-0 << Content-Length:781
[DEBUG] 2017-07-05 17:07:11,381 method:org.apache.http.impl.conn.LoggingManagedHttpClientConnection.onResponseReceived(LoggingManagedHttpClientConnection.java:125)
http-outgoing-0 << Content-Type:application/json; charset=utf-8
[DEBUG] 2017-07-05 17:07:11,381 method:org.apache.http.impl.conn.LoggingManagedHttpClientConnection.onResponseReceived(LoggingManagedHttpClientConnection.java:125)
http-outgoing-0 << Connection:close
[DEBUG] 2017-07-05 17:07:11,390 method:org.apache.http.impl.conn.LoggingManagedHttpClientConnection.close(LoggingManagedHttpClientConnection.java:79)
http-outgoing-0: Close connection
[DEBUG] 2017-07-05 17:07:11,391 method:org.apache.http.impl.execchain.ConnectionHolder.releaseConnection(ConnectionHolder.java:104)
Connection discarded
[DEBUG] 2017-07-05 17:07:11,392 method:org.apache.http.impl.conn.PoolingHttpClientConnectionManager.releaseConnection(PoolingHttpClientConnectionManager.java:326)
Connection released: [id: 0][route: {}->http://localhost:23176][total kept alive: 0; route allocated: 0 of 2000; total allocated: 0 of 2000]
[DEBUG] 2017-07-05 17:07:11,438 method:org.apache.http.client.protocol.RequestAddCookies.process(RequestAddCookies.java:123)
CookieSpec selected: default
[DEBUG] 2017-07-05 17:07:11,438 method:org.apache.http.client.protocol.RequestAuthCache.process(RequestAuthCache.java:77)
Auth cache not set in the context
[DEBUG] 2017-07-05 17:07:11,439 method:org.apache.http.impl.conn.PoolingHttpClientConnectionManager.requestConnection(PoolingHttpClientConnectionManager.java:255)
Connection request: [route: {}->http://localhost:23176][total kept alive: 0; route allocated: 0 of 2000; total allocated: 0 of 2000]
[DEBUG] 2017-07-05 17:07:11,439 method:org.apache.http.impl.conn.PoolingHttpClientConnectionManager.leaseConnection(PoolingHttpClientConnectionManager.java:288)
Connection leased: [id: 1][route: {}->http://localhost:23176][total kept alive: 0; route allocated: 1 of 2000; total allocated: 1 of 2000]
[DEBUG] 2017-07-05 17:07:11,439 method:org.apache.http.impl.execchain.MainClientExec.execute(MainClientExec.java:235)
Opening connection {}->http://localhost:23176
[DEBUG] 2017-07-05 17:07:11,439 method:org.apache.http.impl.conn.DefaultHttpClientConnectionOperator.connect(DefaultHttpClientConnectionOperator.java:139)
Connecting to localhost/127.0.0.1:23176
[DEBUG] 2017-07-05 17:07:11,440 method:org.apache.http.impl.conn.DefaultHttpClientConnectionOperator.connect(DefaultHttpClientConnectionOperator.java:146)
Connection established 127.0.0.1:59663<->127.0.0.1:23176
[DEBUG] 2017-07-05 17:07:11,440 method:org.apache.http.impl.conn.LoggingManagedHttpClientConnection.setSocketTimeout(LoggingManagedHttpClientConnection.java:88)
http-outgoing-1: set socket timeout to 10800000
[DEBUG] 2017-07-05 17:07:11,441 method:org.apache.http.impl.execchain.MainClientExec.execute(MainClientExec.java:256)
Executing request POST /session/408d3c17918aedf77d102f992aa918b8/window/current/maximize HTTP/1.1
[DEBUG] 2017-07-05 17:07:11,441 method:org.apache.http.impl.execchain.MainClientExec.execute(MainClientExec.java:261)
Target auth state: UNCHALLENGED
[DEBUG] 2017-07-05 17:07:11,441 method:org.apache.http.impl.execchain.MainClientExec.execute(MainClientExec.java:267)
Proxy auth state: UNCHALLENGED
[DEBUG] 2017-07-05 17:07:11,442 method:org.apache.http.impl.conn.LoggingManagedHttpClientConnection.onRequestSubmitted(LoggingManagedHttpClientConnection.java:133)
http-outgoing-1 >> POST /session/408d3c17918aedf77d102f992aa918b8/window/current/maximize HTTP/1.1
[DEBUG] 2017-07-05 17:07:11,442 method:org.apache.http.impl.conn.LoggingManagedHttpClientConnection.onRequestSubmitted(LoggingManagedHttpClientConnection.java:136)
http-outgoing-1 >> Content-Type: application/json; charset=utf-8
[DEBUG] 2017-07-05 17:07:11,442 method:org.apache.http.impl.conn.LoggingManagedHttpClientConnection.onRequestSubmitted(LoggingManagedHttpClientConnection.java:136)
http-outgoing-1 >> Content-Length: 45
[DEBUG] 2017-07-05 17:07:11,442 method:org.apache.http.impl.conn.LoggingManagedHttpClientConnection.onRequestSubmitted(LoggingManagedHttpClientConnection.java:136)
http-outgoing-1 >> Host: localhost:23176
[DEBUG] 2017-07-05 17:07:11,442 method:org.apache.http.impl.conn.LoggingManagedHttpClientConnection.onRequestSubmitted(LoggingManagedHttpClientConnection.java:136)
http-outgoing-1 >> Connection: Keep-Alive
[DEBUG] 2017-07-05 17:07:11,443 method:org.apache.http.impl.conn.LoggingManagedHttpClientConnection.onRequestSubmitted(LoggingManagedHttpClientConnection.java:136)
http-outgoing-1 >> User-Agent: Apache-HttpClient/4.5.3 (Java/1.8.0_111)
[DEBUG] 2017-07-05 17:07:11,443 method:org.apache.http.impl.conn.LoggingManagedHttpClientConnection.onRequestSubmitted(LoggingManagedHttpClientConnection.java:136)
http-outgoing-1 >> Accept-Encoding: gzip,deflate
[DEBUG] 2017-07-05 17:07:11,445 method:org.apache.http.impl.conn.Wire.wire(Wire.java:73)
http-outgoing-1 >> "POST /session/408d3c17918aedf77d102f992aa918b8/window/current/maximize HTTP/1.1[\r][\n]"
[DEBUG] 2017-07-05 17:07:11,446 method:org.apache.http.impl.conn.Wire.wire(Wire.java:73)
http-outgoing-1 >> "Content-Type: application/json; charset=utf-8[\r][\n]"
[DEBUG] 2017-07-05 17:07:11,448 method:org.apache.http.impl.conn.Wire.wire(Wire.java:73)
http-outgoing-1 >> "Content-Length: 45[\r][\n]"
[DEBUG] 2017-07-05 17:07:11,449 method:org.apache.http.impl.conn.Wire.wire(Wire.java:73)
http-outgoing-1 >> "Host: localhost:23176[\r][\n]"
[DEBUG] 2017-07-05 17:07:11,449 method:org.apache.http.impl.conn.Wire.wire(Wire.java:73)
http-outgoing-1 >> "Connection: Keep-Alive[\r][\n]"
[DEBUG] 2017-07-05 17:07:11,449 method:org.apache.http.impl.conn.Wire.wire(Wire.java:73)
http-outgoing-1 >> "User-Agent: Apache-HttpClient/4.5.3 (Java/1.8.0_111)[\r][\n]"
[DEBUG] 2017-07-05 17:07:11,449 method:org.apache.http.impl.conn.Wire.wire(Wire.java:73)
http-outgoing-1 >> "Accept-Encoding: gzip,deflate[\r][\n]"
[DEBUG] 2017-07-05 17:07:11,449 method:org.apache.http.impl.conn.Wire.wire(Wire.java:73)
http-outgoing-1 >> "[\r][\n]"
[DEBUG] 2017-07-05 17:07:11,449 method:org.apache.http.impl.conn.Wire.wire(Wire.java:87)
http-outgoing-1 >> "{"windowHandle":"current","handle":"current"}"
[DEBUG] 2017-07-05 17:07:11,607 method:org.apache.http.impl.conn.Wire.wire(Wire.java:73)
http-outgoing-1 << "HTTP/1.1 200 OK[\r][\n]"
[DEBUG] 2017-07-05 17:07:11,608 method:org.apache.http.impl.conn.Wire.wire(Wire.java:73)
http-outgoing-1 << "Content-Length:72[\r][\n]"
[DEBUG] 2017-07-05 17:07:11,609 method:org.apache.http.impl.conn.Wire.wire(Wire.java:73)
http-outgoing-1 << "Content-Type:application/json; charset=utf-8[\r][\n]"
[DEBUG] 2017-07-05 17:07:11,609 method:org.apache.http.impl.conn.Wire.wire(Wire.java:73)
http-outgoing-1 << "Connection:close[\r][\n]"
[DEBUG] 2017-07-05 17:07:11,610 method:org.apache.http.impl.conn.Wire.wire(Wire.java:73)
http-outgoing-1 << "[\r][\n]"
[DEBUG] 2017-07-05 17:07:11,610 method:org.apache.http.impl.conn.Wire.wire(Wire.java:87)
http-outgoing-1 << "{"sessionId":"408d3c17918aedf77d102f992aa918b8","status":0,"value":null}"
[DEBUG] 2017-07-05 17:07:11,611 method:org.apache.http.impl.conn.LoggingManagedHttpClientConnection.onResponseReceived(LoggingManagedHttpClientConnection.java:122)
http-outgoing-1 << HTTP/1.1 200 OK
[DEBUG] 2017-07-05 17:07:11,612 method:org.apache.http.impl.conn.LoggingManagedHttpClientConnection.onResponseReceived(LoggingManagedHttpClientConnection.java:125)
http-outgoing-1 << Content-Length:72
[DEBUG] 2017-07-05 17:07:11,613 method:org.apache.http.impl.conn.LoggingManagedHttpClientConnection.onResponseReceived(LoggingManagedHttpClientConnection.java:125)
http-outgoing-1 << Content-Type:application/json; charset=utf-8
[DEBUG] 2017-07-05 17:07:11,613 method:org.apache.http.impl.conn.LoggingManagedHttpClientConnection.onResponseReceived(LoggingManagedHttpClientConnection.java:125)
http-outgoing-1 << Connection:close
[DEBUG] 2017-07-05 17:07:11,614 method:org.apache.http.impl.conn.LoggingManagedHttpClientConnection.close(LoggingManagedHttpClientConnection.java:79)
http-outgoing-1: Close connection
[DEBUG] 2017-07-05 17:07:11,615 method:org.apache.http.impl.execchain.ConnectionHolder.releaseConnection(ConnectionHolder.java:104)
Connection discarded
[DEBUG] 2017-07-05 17:07:11,615 method:org.apache.http.impl.conn.PoolingHttpClientConnectionManager.releaseConnection(PoolingHttpClientConnectionManager.java:326)
Connection released: [id: 1][route: {}->http://localhost:23176][total kept alive: 0; route allocated: 0 of 2000; total allocated: 0 of 2000]
[DEBUG] 2017-07-05 17:07:11,623 method:org.apache.http.client.protocol.RequestAddCookies.process(RequestAddCookies.java:123)
CookieSpec selected: default
[DEBUG] 2017-07-05 17:07:11,624 method:org.apache.http.client.protocol.RequestAuthCache.process(RequestAuthCache.java:77)
Auth cache not set in the context
[DEBUG] 2017-07-05 17:07:11,625 method:org.apache.http.impl.conn.PoolingHttpClientConnectionManager.requestConnection(PoolingHttpClientConnectionManager.java:255)
Connection request: [route: {}->http://localhost:23176][total kept alive: 0; route allocated: 0 of 2000; total allocated: 0 of 2000]
[DEBUG] 2017-07-05 17:07:11,626 method:org.apache.http.impl.conn.PoolingHttpClientConnectionManager.leaseConnection(PoolingHttpClientConnectionManager.java:288)
Connection leased: [id: 2][route: {}->http://localhost:23176][total kept alive: 0; route allocated: 1 of 2000; total allocated: 1 of 2000]
[DEBUG] 2017-07-05 17:07:11,627 method:org.apache.http.impl.execchain.MainClientExec.execute(MainClientExec.java:235)
Opening connection {}->http://localhost:23176
[DEBUG] 2017-07-05 17:07:11,628 method:org.apache.http.impl.conn.DefaultHttpClientConnectionOperator.connect(DefaultHttpClientConnectionOperator.java:139)
Connecting to localhost/127.0.0.1:23176
[DEBUG] 2017-07-05 17:07:11,630 method:org.apache.http.impl.conn.DefaultHttpClientConnectionOperator.connect(DefaultHttpClientConnectionOperator.java:146)
Connection established 127.0.0.1:59665<->127.0.0.1:23176
[DEBUG] 2017-07-05 17:07:11,630 method:org.apache.http.impl.conn.LoggingManagedHttpClientConnection.setSocketTimeout(LoggingManagedHttpClientConnection.java:88)
http-outgoing-2: set socket timeout to 10800000
[DEBUG] 2017-07-05 17:07:11,631 method:org.apache.http.impl.execchain.MainClientExec.execute(MainClientExec.java:256)
Executing request POST /session/408d3c17918aedf77d102f992aa918b8/url HTTP/1.1
[DEBUG] 2017-07-05 17:07:11,632 method:org.apache.http.impl.execchain.MainClientExec.execute(MainClientExec.java:261)
Target auth state: UNCHALLENGED
[DEBUG] 2017-07-05 17:07:11,635 method:org.apache.http.impl.execchain.MainClientExec.execute(MainClientExec.java:267)
Proxy auth state: UNCHALLENGED
[DEBUG] 2017-07-05 17:07:11,636 method:org.apache.http.impl.conn.LoggingManagedHttpClientConnection.onRequestSubmitted(LoggingManagedHttpClientConnection.java:133)
http-outgoing-2 >> POST /session/408d3c17918aedf77d102f992aa918b8/url HTTP/1.1
[DEBUG] 2017-07-05 17:07:11,636 method:org.apache.http.impl.conn.LoggingManagedHttpClientConnection.onRequestSubmitted(LoggingManagedHttpClientConnection.java:136)
http-outgoing-2 >> Content-Type: application/json; charset=utf-8
[DEBUG] 2017-07-05 17:07:11,637 method:org.apache.http.impl.conn.LoggingManagedHttpClientConnection.onRequestSubmitted(LoggingManagedHttpClientConnection.java:136)
http-outgoing-2 >> Content-Length: 62
[DEBUG] 2017-07-05 17:07:11,637 method:org.apache.http.impl.conn.LoggingManagedHttpClientConnection.onRequestSubmitted(LoggingManagedHttpClientConnection.java:136)
http-outgoing-2 >> Host: localhost:23176
[DEBUG] 2017-07-05 17:07:11,638 method:org.apache.http.impl.conn.LoggingManagedHttpClientConnection.onRequestSubmitted(LoggingManagedHttpClientConnection.java:136)
http-outgoing-2 >> Connection: Keep-Alive
[DEBUG] 2017-07-05 17:07:11,638 method:org.apache.http.impl.conn.LoggingManagedHttpClientConnection.onRequestSubmitted(LoggingManagedHttpClientConnection.java:136)
http-outgoing-2 >> User-Agent: Apache-HttpClient/4.5.3 (Java/1.8.0_111)
[DEBUG] 2017-07-05 17:07:11,638 method:org.apache.http.impl.conn.LoggingManagedHttpClientConnection.onRequestSubmitted(LoggingManagedHttpClientConnection.java:136)
http-outgoing-2 >> Accept-Encoding: gzip,deflate
[DEBUG] 2017-07-05 17:07:11,639 method:org.apache.http.impl.conn.Wire.wire(Wire.java:73)
http-outgoing-2 >> "POST /session/408d3c17918aedf77d102f992aa918b8/url HTTP/1.1[\r][\n]"
[DEBUG] 2017-07-05 17:07:11,639 method:org.apache.http.impl.conn.Wire.wire(Wire.java:73)
http-outgoing-2 >> "Content-Type: application/json; charset=utf-8[\r][\n]"
[DEBUG] 2017-07-05 17:07:11,639 method:org.apache.http.impl.conn.Wire.wire(Wire.java:73)
http-outgoing-2 >> "Content-Length: 62[\r][\n]"
[DEBUG] 2017-07-05 17:07:11,639 method:org.apache.http.impl.conn.Wire.wire(Wire.java:73)
http-outgoing-2 >> "Host: localhost:23176[\r][\n]"
[DEBUG] 2017-07-05 17:07:11,639 method:org.apache.http.impl.conn.Wire.wire(Wire.java:73)
http-outgoing-2 >> "Connection: Keep-Alive[\r][\n]"
[DEBUG] 2017-07-05 17:07:11,640 method:org.apache.http.impl.conn.Wire.wire(Wire.java:73)
http-outgoing-2 >> "User-Agent: Apache-HttpClient/4.5.3 (Java/1.8.0_111)[\r][\n]"
[DEBUG] 2017-07-05 17:07:11,640 method:org.apache.http.impl.conn.Wire.wire(Wire.java:73)
http-outgoing-2 >> "Accept-Encoding: gzip,deflate[\r][\n]"
[DEBUG] 2017-07-05 17:07:11,640 method:org.apache.http.impl.conn.Wire.wire(Wire.java:73)
http-outgoing-2 >> "[\r][\n]"
[DEBUG] 2017-07-05 17:07:11,640 method:org.apache.http.impl.conn.Wire.wire(Wire.java:87)
http-outgoing-2 >> "{"url":"https://lfwiseopertest02.hwcloudtest.cn:8443/#/login"}"
[DEBUG] 2017-07-05 17:07:14,679 method:org.apache.http.impl.conn.Wire.wire(Wire.java:73)
http-outgoing-2 << "HTTP/1.1 200 OK[\r][\n]"
[DEBUG] 2017-07-05 17:07:14,679 method:org.apache.http.impl.conn.Wire.wire(Wire.java:73)
http-outgoing-2 << "Content-Length:72[\r][\n]"
[DEBUG] 2017-07-05 17:07:14,680 method:org.apache.http.impl.conn.Wire.wire(Wire.java:73)
http-outgoing-2 << "Content-Type:application/json; charset=utf-8[\r][\n]"
[DEBUG] 2017-07-05 17:07:14,680 method:org.apache.http.impl.conn.Wire.wire(Wire.java:73)
http-outgoing-2 << "Connection:close[\r][\n]"
[DEBUG] 2017-07-05 17:07:14,680 method:org.apache.http.impl.conn.Wire.wire(Wire.java:73)
http-outgoing-2 << "[\r][\n]"
[DEBUG] 2017-07-05 17:07:14,680 method:org.apache.http.impl.conn.Wire.wire(Wire.java:87)
http-outgoing-2 << "{"sessionId":"408d3c17918aedf77d102f992aa918b8","status":0,"value":null}"
[DEBUG] 2017-07-05 17:07:14,682 method:org.apache.http.impl.conn.LoggingManagedHttpClientConnection.onResponseReceived(LoggingManagedHttpClientConnection.java:122)
http-outgoing-2 << HTTP/1.1 200 OK
[DEBUG] 2017-07-05 17:07:14,683 method:org.apache.http.impl.conn.LoggingManagedHttpClientConnection.onResponseReceived(LoggingManagedHttpClientConnection.java:125)
http-outgoing-2 << Content-Length:72
[DEBUG] 2017-07-05 17:07:14,683 method:org.apache.http.impl.conn.LoggingManagedHttpClientConnection.onResponseReceived(LoggingManagedHttpClientConnection.java:125)
http-outgoing-2 << Content-Type:application/json; charset=utf-8
[DEBUG] 2017-07-05 17:07:14,684 method:org.apache.http.impl.conn.LoggingManagedHttpClientConnection.onResponseReceived(LoggingManagedHttpClientConnection.java:125)
http-outgoing-2 << Connection:close
[DEBUG] 2017-07-05 17:07:14,685 method:org.apache.http.impl.conn.LoggingManagedHttpClientConnection.close(LoggingManagedHttpClientConnection.java:79)
http-outgoing-2: Close connection
[DEBUG] 2017-07-05 17:07:14,686 method:org.apache.http.impl.execchain.ConnectionHolder.releaseConnection(ConnectionHolder.java:104)
Connection discarded
[DEBUG] 2017-07-05 17:07:14,686 method:org.apache.http.impl.conn.PoolingHttpClientConnectionManager.releaseConnection(PoolingHttpClientConnectionManager.java:326)
Connection released: [id: 2][route: {}->http://localhost:23176][total kept alive: 0; route allocated: 0 of 2000; total allocated: 0 of 2000]
[INFO ] 2017-07-05 17:07:14,715 method:util.TestMonitor.onTestStart(TestMonitor.java:50)
Test Method testApplyContinue executing...
[DEBUG] 2017-07-05 17:07:14,762 method:org.apache.http.client.protocol.RequestAddCookies.process(RequestAddCookies.java:123)
CookieSpec selected: default
[DEBUG] 2017-07-05 17:07:14,762 method:org.apache.http.client.protocol.RequestAuthCache.process(RequestAuthCache.java:77)
Auth cache not set in the context
[DEBUG] 2017-07-05 17:07:14,762 method:org.apache.http.impl.conn.PoolingHttpClientConnectionManager.requestConnection(PoolingHttpClientConnectionManager.java:255)
Connection request: [route: {}->http://localhost:23176][total kept alive: 0; route allocated: 0 of 2000; total allocated: 0 of 2000]
[DEBUG] 2017-07-05 17:07:14,762 method:org.apache.http.impl.conn.PoolingHttpClientConnectionManager.leaseConnection(PoolingHttpClientConnectionManager.java:288)
Connection leased: [id: 3][route: {}->http://localhost:23176][total kept alive: 0; route allocated: 1 of 2000; total allocated: 1 of 2000]
[DEBUG] 2017-07-05 17:07:14,762 method:org.apache.http.impl.execchain.MainClientExec.execute(MainClientExec.java:235)
Opening connection {}->http://localhost:23176
[DEBUG] 2017-07-05 17:07:14,763 method:org.apache.http.impl.conn.DefaultHttpClientConnectionOperator.connect(DefaultHttpClientConnectionOperator.java:139)
Connecting to localhost/127.0.0.1:23176
[DEBUG] 2017-07-05 17:07:14,763 method:org.apache.http.impl.conn.DefaultHttpClientConnectionOperator.connect(DefaultHttpClientConnectionOperator.java:146)
Connection established 127.0.0.1:59676<->127.0.0.1:23176
[DEBUG] 2017-07-05 17:07:14,764 method:org.apache.http.impl.conn.LoggingManagedHttpClientConnection.setSocketTimeout(LoggingManagedHttpClientConnection.java:88)
http-outgoing-3: set socket timeout to 10800000
[DEBUG] 2017-07-05 17:07:14,764 method:org.apache.http.impl.execchain.MainClientExec.execute(MainClientExec.java:256)
Executing request POST /session/408d3c17918aedf77d102f992aa918b8/elements HTTP/1.1
[DEBUG] 2017-07-05 17:07:14,764 method:org.apache.http.impl.execchain.MainClientExec.execute(MainClientExec.java:261)
Target auth state: UNCHALLENGED
[DEBUG] 2017-07-05 17:07:14,765 method:org.apache.http.impl.execchain.MainClientExec.execute(MainClientExec.java:267)
Proxy auth state: UNCHALLENGED
[DEBUG] 2017-07-05 17:07:14,765 method:org.apache.http.impl.conn.LoggingManagedHttpClientConnection.onRequestSubmitted(LoggingManagedHttpClientConnection.java:133)
http-outgoing-3 >> POST /session/408d3c17918aedf77d102f992aa918b8/elements HTTP/1.1
[DEBUG] 2017-07-05 17:07:14,765 method:org.apache.http.impl.conn.LoggingManagedHttpClientConnection.onRequestSubmitted(LoggingManagedHttpClientConnection.java:136)
http-outgoing-3 >> Content-Type: application/json; charset=utf-8
[DEBUG] 2017-07-05 17:07:14,765 method:org.apache.http.impl.conn.LoggingManagedHttpClientConnection.onRequestSubmitted(LoggingManagedHttpClientConnection.java:136)
http-outgoing-3 >> Content-Length: 34
[DEBUG] 2017-07-05 17:07:14,766 method:org.apache.http.impl.conn.LoggingManagedHttpClientConnection.onRequestSubmitted(LoggingManagedHttpClientConnection.java:136)
http-outgoing-3 >> Host: localhost:23176
[DEBUG] 2017-07-05 17:07:14,766 method:org.apache.http.impl.conn.LoggingManagedHttpClientConnection.onRequestSubmitted(LoggingManagedHttpClientConnection.java:136)
http-outgoing-3 >> Connection: Keep-Alive
[DEBUG] 2017-07-05 17:07:14,766 method:org.apache.http.impl.conn.LoggingManagedHttpClientConnection.onRequestSubmitted(LoggingManagedHttpClientConnection.java:136)
http-outgoing-3 >> User-Agent: Apache-HttpClient/4.5.3 (Java/1.8.0_111)
[DEBUG] 2017-07-05 17:07:14,766 method:org.apache.http.impl.conn.LoggingManagedHttpClientConnection.onRequestSubmitted(LoggingManagedHttpClientConnection.java:136)
http-outgoing-3 >> Accept-Encoding: gzip,deflate
[DEBUG] 2017-07-05 17:07:14,766 method:org.apache.http.impl.conn.Wire.wire(Wire.java:73)
http-outgoing-3 >> "POST /session/408d3c17918aedf77d102f992aa918b8/elements HTTP/1.1[\r][\n]"
[DEBUG] 2017-07-05 17:07:14,766 method:org.apache.http.impl.conn.Wire.wire(Wire.java:73)
http-outgoing-3 >> "Content-Type: application/json; charset=utf-8[\r][\n]"
[DEBUG] 2017-07-05 17:07:14,766 method:org.apache.http.impl.conn.Wire.wire(Wire.java:73)
http-outgoing-3 >> "Content-Length: 34[\r][\n]"
[DEBUG] 2017-07-05 17:07:14,766 method:org.apache.http.impl.conn.Wire.wire(Wire.java:73)
http-outgoing-3 >> "Host: localhost:23176[\r][\n]"
[DEBUG] 2017-07-05 17:07:14,767 method:org.apache.http.impl.conn.Wire.wire(Wire.java:73)
http-outgoing-3 >> "Connection: Keep-Alive[\r][\n]"
[DEBUG] 2017-07-05 17:07:14,767 method:org.apache.http.impl.conn.Wire.wire(Wire.java:73)
http-outgoing-3 >> "User-Agent: Apache-HttpClient/4.5.3 (Java/1.8.0_111)[\r][\n]"
[DEBUG] 2017-07-05 17:07:14,767 method:org.apache.http.impl.conn.Wire.wire(Wire.java:73)
http-outgoing-3 >> "Accept-Encoding: gzip,deflate[\r][\n]"
[DEBUG] 2017-07-05 17:07:14,767 method:org.apache.http.impl.conn.Wire.wire(Wire.java:73)
http-outgoing-3 >> "[\r][\n]"
[DEBUG] 2017-07-05 17:07:14,767 method:org.apache.http.impl.conn.Wire.wire(Wire.java:87)
http-outgoing-3 >> "{"using":"name","value":"account"}"
[DEBUG] 2017-07-05 17:07:14,865 method:org.apache.http.impl.conn.Wire.wire(Wire.java:73)
http-outgoing-3 << "HTTP/1.1 200 OK[\r][\n]"
[DEBUG] 2017-07-05 17:07:14,866 method:org.apache.http.impl.conn.Wire.wire(Wire.java:73)
http-outgoing-3 << "Content-Length:105[\r][\n]"
[DEBUG] 2017-07-05 17:07:14,866 method:org.apache.http.impl.conn.Wire.wire(Wire.java:73)
http-outgoing-3 << "Content-Type:application/json; charset=utf-8[\r][\n]"
[DEBUG] 2017-07-05 17:07:14,866 method:org.apache.http.impl.conn.Wire.wire(Wire.java:73)
http-outgoing-3 << "Connection:close[\r][\n]"
[DEBUG] 2017-07-05 17:07:14,866 method:org.apache.http.impl.conn.Wire.wire(Wire.java:73)
http-outgoing-3 << "[\r][\n]"
[DEBUG] 2017-07-05 17:07:14,867 method:org.apache.http.impl.conn.Wire.wire(Wire.java:87)
http-outgoing-3 << "{"sessionId":"408d3c17918aedf77d102f992aa918b8","status":0,"value":[{"ELEMENT":"0.16599930121209927-1"}]}"
[DEBUG] 2017-07-05 17:07:14,867 method:org.apache.http.impl.conn.LoggingManagedHttpClientConnection.onResponseReceived(LoggingManagedHttpClientConnection.java:122)
http-outgoing-3 << HTTP/1.1 200 OK
[DEBUG] 2017-07-05 17:07:14,867 method:org.apache.http.impl.conn.LoggingManagedHttpClientConnection.onResponseReceived(LoggingManagedHttpClientConnection.java:125)
http-outgoing-3 << Content-Length:105
[DEBUG] 2017-07-05 17:07:14,867 method:org.apache.http.impl.conn.LoggingManagedHttpClientConnection.onResponseReceived(LoggingManagedHttpClientConnection.java:125)
http-outgoing-3 << Content-Type:application/json; charset=utf-8
[DEBUG] 2017-07-05 17:07:14,867 method:org.apache.http.impl.conn.LoggingManagedHttpClientConnection.onResponseReceived(LoggingManagedHttpClientConnection.java:125)
http-outgoing-3 << Connection:close
[DEBUG] 2017-07-05 17:07:14,868 method:org.apache.http.impl.conn.LoggingManagedHttpClientConnection.close(LoggingManagedHttpClientConnection.java:79)
http-outgoing-3: Close connection
[DEBUG] 2017-07-05 17:07:14,868 method:org.apache.http.impl.execchain.ConnectionHolder.releaseConnection(ConnectionHolder.java:104)
Connection discarded
[DEBUG] 2017-07-05 17:07:14,868 method:org.apache.http.impl.conn.PoolingHttpClientConnectionManager.releaseConnection(PoolingHttpClientConnectionManager.java:326)
Connection released: [id: 3][route: {}->http://localhost:23176][total kept alive: 0; route allocated: 0 of 2000; total allocated: 0 of 2000]
[DEBUG] 2017-07-05 17:07:15,676 method:org.apache.http.client.protocol.RequestAddCookies.process(RequestAddCookies.java:123)
CookieSpec selected: default
[DEBUG] 2017-07-05 17:07:15,677 method:org.apache.http.client.protocol.RequestAuthCache.process(RequestAuthCache.java:77)
Auth cache not set in the context
[DEBUG] 2017-07-05 17:07:15,677 method:org.apache.http.impl.conn.PoolingHttpClientConnectionManager.requestConnection(PoolingHttpClientConnectionManager.java:255)
Connection request: [route: {}->http://localhost:23176][total kept alive: 0; route allocated: 0 of 2000; total allocated: 0 of 2000]
[DEBUG] 2017-07-05 17:07:15,678 method:org.apache.http.impl.conn.PoolingHttpClientConnectionManager.leaseConnection(PoolingHttpClientConnectionManager.java:288)
Connection leased: [id: 4][route: {}->http://localhost:23176][total kept alive: 0; route allocated: 1 of 2000; total allocated: 1 of 2000]
[DEBUG] 2017-07-05 17:07:15,679 method:org.apache.http.impl.execchain.MainClientExec.execute(MainClientExec.java:235)
Opening connection {}->http://localhost:23176
[DEBUG] 2017-07-05 17:07:15,679 method:org.apache.http.impl.conn.DefaultHttpClientConnectionOperator.connect(DefaultHttpClientConnectionOperator.java:139)
Connecting to localhost/127.0.0.1:23176
[DEBUG] 2017-07-05 17:07:15,681 method:org.apache.http.impl.conn.DefaultHttpClientConnectionOperator.connect(DefaultHttpClientConnectionOperator.java:146)
Connection established 127.0.0.1:59679<->127.0.0.1:23176
[DEBUG] 2017-07-05 17:07:15,682 method:org.apache.http.impl.conn.LoggingManagedHttpClientConnection.setSocketTimeout(LoggingManagedHttpClientConnection.java:88)
http-outgoing-4: set socket timeout to 10800000
[DEBUG] 2017-07-05 17:07:15,682 method:org.apache.http.impl.execchain.MainClientExec.execute(MainClientExec.java:256)
Executing request POST /session/408d3c17918aedf77d102f992aa918b8/element HTTP/1.1
[DEBUG] 2017-07-05 17:07:15,683 method:org.apache.http.impl.execchain.MainClientExec.execute(MainClientExec.java:261)
Target auth state: UNCHALLENGED
[DEBUG] 2017-07-05 17:07:15,684 method:org.apache.http.impl.execchain.MainClientExec.execute(MainClientExec.java:267)
Proxy auth state: UNCHALLENGED
[DEBUG] 2017-07-05 17:07:15,685 method:org.apache.http.impl.conn.LoggingManagedHttpClientConnection.onRequestSubmitted(LoggingManagedHttpClientConnection.java:133)
http-outgoing-4 >> POST /session/408d3c17918aedf77d102f992aa918b8/element HTTP/1.1
[DEBUG] 2017-07-05 17:07:15,685 method:org.apache.http.impl.conn.LoggingManagedHttpClientConnection.onRequestSubmitted(LoggingManagedHttpClientConnection.java:136)
http-outgoing-4 >> Content-Type: application/json; charset=utf-8
[DEBUG] 2017-07-05 17:07:15,686 method:org.apache.http.impl.conn.LoggingManagedHttpClientConnection.onRequestSubmitted(LoggingManagedHttpClientConnection.java:136)
http-outgoing-4 >> Content-Length: 34
[DEBUG] 2017-07-05 17:07:15,686 method:org.apache.http.impl.conn.LoggingManagedHttpClientConnection.onRequestSubmitted(LoggingManagedHttpClientConnection.java:136)
http-outgoing-4 >> Host: localhost:23176
[DEBUG] 2017-07-05 17:07:15,687 method:org.apache.http.impl.conn.LoggingManagedHttpClientConnection.onRequestSubmitted(LoggingManagedHttpClientConnection.java:136)
http-outgoing-4 >> Connection: Keep-Alive
[DEBUG] 2017-07-05 17:07:15,687 method:org.apache.http.impl.conn.LoggingManagedHttpClientConnection.onRequestSubmitted(LoggingManagedHttpClientConnection.java:136)
http-outgoing-4 >> User-Agent: Apache-HttpClient/4.5.3 (Java/1.8.0_111)
[DEBUG] 2017-07-05 17:07:15,687 method:org.apache.http.impl.conn.LoggingManagedHttpClientConnection.onRequestSubmitted(LoggingManagedHttpClientConnection.java:136)
http-outgoing-4 >> Accept-Encoding: gzip,deflate
[DEBUG] 2017-07-05 17:07:15,687 method:org.apache.http.impl.conn.Wire.wire(Wire.java:73)
http-outgoing-4 >> "POST /session/408d3c17918aedf77d102f992aa918b8/element HTTP/1.1[\r][\n]"
[DEBUG] 2017-07-05 17:07:15,687 method:org.apache.http.impl.conn.Wire.wire(Wire.java:73)
http-outgoing-4 >> "Content-Type: application/json; charset=utf-8[\r][\n]"
[DEBUG] 2017-07-05 17:07:15,688 method:org.apache.http.impl.conn.Wire.wire(Wire.java:73)
http-outgoing-4 >> "Content-Length: 34[\r][\n]"
[DEBUG] 2017-07-05 17:07:15,688 method:org.apache.http.impl.conn.Wire.wire(Wire.java:73)
http-outgoing-4 >> "Host: localhost:23176[\r][\n]"
[DEBUG] 2017-07-05 17:07:15,688 method:org.apache.http.impl.conn.Wire.wire(Wire.java:73)
http-outgoing-4 >> "Connection: Keep-Alive[\r][\n]"
[DEBUG] 2017-07-05 17:07:15,688 method:org.apache.http.impl.conn.Wire.wire(Wire.java:73)
http-outgoing-4 >> "User-Agent: Apache-HttpClient/4.5.3 (Java/1.8.0_111)[\r][\n]"
[DEBUG] 2017-07-05 17:07:15,688 method:org.apache.http.impl.conn.Wire.wire(Wire.java:73)
http-outgoing-4 >> "Accept-Encoding: gzip,deflate[\r][\n]"
[DEBUG] 2017-07-05 17:07:15,689 method:org.apache.http.impl.conn.Wire.wire(Wire.java:73)
http-outgoing-4 >> "[\r][\n]"
[DEBUG] 2017-07-05 17:07:15,689 method:org.apache.http.impl.conn.Wire.wire(Wire.java:87)
http-outgoing-4 >> "{"using":"name","value":"account"}"
[DEBUG] 2017-07-05 17:07:15,729 method:org.apache.http.impl.conn.Wire.wire(Wire.java:73)
http-outgoing-4 << "HTTP/1.1 200 OK[\r][\n]"
[DEBUG] 2017-07-05 17:07:15,730 method:org.apache.http.impl.conn.Wire.wire(Wire.java:73)
http-outgoing-4 << "Content-Length:103[\r][\n]"
[DEBUG] 2017-07-05 17:07:15,730 method:org.apache.http.impl.conn.Wire.wire(Wire.java:73)
http-outgoing-4 << "Content-Type:application/json; charset=utf-8[\r][\n]"
[DEBUG] 2017-07-05 17:07:15,730 method:org.apache.http.impl.conn.Wire.wire(Wire.java:73)
http-outgoing-4 << "Connection:close[\r][\n]"
[DEBUG] 2017-07-05 17:07:15,731 method:org.apache.http.impl.conn.Wire.wire(Wire.java:73)
http-outgoing-4 << "[\r][\n]"
[DEBUG] 2017-07-05 17:07:15,731 method:org.apache.http.impl.conn.Wire.wire(Wire.java:87)
http-outgoing-4 << "{"sessionId":"408d3c17918aedf77d102f992aa918b8","status":0,"value":{"ELEMENT":"0.16599930121209927-1"}}"
[DEBUG] 2017-07-05 17:07:15,731 method:org.apache.http.impl.conn.LoggingManagedHttpClientConnection.onResponseReceived(LoggingManagedHttpClientConnection.java:122)
http-outgoing-4 << HTTP/1.1 200 OK
[DEBUG] 2017-07-05 17:07:15,731 method:org.apache.http.impl.conn.LoggingManagedHttpClientConnection.onResponseReceived(LoggingManagedHttpClientConnection.java:125)
http-outgoing-4 << Content-Length:103
[DEBUG] 2017-07-05 17:07:15,731 method:org.apache.http.impl.conn.LoggingManagedHttpClientConnection.onResponseReceived(LoggingManagedHttpClientConnection.java:125)
http-outgoing-4 << Content-Type:application/json; charset=utf-8
[DEBUG] 2017-07-05 17:07:15,731 method:org.apache.http.impl.conn.LoggingManagedHttpClientConnection.onResponseReceived(LoggingManagedHttpClientConnection.java:125)
http-outgoing-4 << Connection:close
[DEBUG] 2017-07-05 17:07:15,732 method:org.apache.http.impl.conn.LoggingManagedHttpClientConnection.close(LoggingManagedHttpClientConnection.java:79)
http-outgoing-4: Close connection
[DEBUG] 2017-07-05 17:07:15,732 method:org.apache.http.impl.execchain.ConnectionHolder.releaseConnection(ConnectionHolder.java:104)
Connection discarded
[DEBUG] 2017-07-05 17:07:15,732 method:org.apache.http.impl.conn.PoolingHttpClientConnectionManager.releaseConnection(PoolingHttpClientConnectionManager.java:326)
Connection released: [id: 4][route: {}->http://localhost:23176][total kept alive: 0; route allocated: 0 of 2000; total allocated: 0 of 2000]
[DEBUG] 2017-07-05 17:07:15,735 method:org.apache.http.client.protocol.RequestAddCookies.process(RequestAddCookies.java:123)
CookieSpec selected: default
[DEBUG] 2017-07-05 17:07:15,736 method:org.apache.http.client.protocol.RequestAuthCache.process(RequestAuthCache.java:77)
Auth cache not set in the context
[DEBUG] 2017-07-05 17:07:15,736 method:org.apache.http.impl.conn.PoolingHttpClientConnectionManager.requestConnection(PoolingHttpClientConnectionManager.java:255)
Connection request: [route: {}->http://localhost:23176][total kept alive: 0; route allocated: 0 of 2000; total allocated: 0 of 2000]
[DEBUG] 2017-07-05 17:07:15,736 method:org.apache.http.impl.conn.PoolingHttpClientConnectionManager.leaseConnection(PoolingHttpClientConnectionManager.java:288)
Connection leased: [id: 5][route: {}->http://localhost:23176][total kept alive: 0; route allocated: 1 of 2000; total allocated: 1 of 2000]
[DEBUG] 2017-07-05 17:07:15,736 method:org.apache.http.impl.execchain.MainClientExec.execute(MainClientExec.java:235)
Opening connection {}->http://localhost:23176
[DEBUG] 2017-07-05 17:07:15,736 method:org.apache.http.impl.conn.DefaultHttpClientConnectionOperator.connect(DefaultHttpClientConnectionOperator.java:139)
Connecting to localhost/127.0.0.1:23176
[DEBUG] 2017-07-05 17:07:15,737 method:org.apache.http.impl.conn.DefaultHttpClientConnectionOperator.connect(DefaultHttpClientConnectionOperator.java:146)
Connection established 127.0.0.1:59680<->127.0.0.1:23176
[DEBUG] 2017-07-05 17:07:15,737 method:org.apache.http.impl.conn.LoggingManagedHttpClientConnection.setSocketTimeout(LoggingManagedHttpClientConnection.java:88)
http-outgoing-5: set socket timeout to 10800000
[DEBUG] 2017-07-05 17:07:15,737 method:org.apache.http.impl.execchain.MainClientExec.execute(MainClientExec.java:256)
Executing request POST /session/408d3c17918aedf77d102f992aa918b8/element/0.16599930121209927-1/value HTTP/1.1
[DEBUG] 2017-07-05 17:07:15,738 method:org.apache.http.impl.execchain.MainClientExec.execute(MainClientExec.java:261)
Target auth state: UNCHALLENGED
[DEBUG] 2017-07-05 17:07:15,738 method:org.apache.http.impl.execchain.MainClientExec.execute(MainClientExec.java:267)
Proxy auth state: UNCHALLENGED
[DEBUG] 2017-07-05 17:07:15,738 method:org.apache.http.impl.conn.LoggingManagedHttpClientConnection.onRequestSubmitted(LoggingManagedHttpClientConnection.java:133)
http-outgoing-5 >> POST /session/408d3c17918aedf77d102f992aa918b8/element/0.16599930121209927-1/value HTTP/1.1
[DEBUG] 2017-07-05 17:07:15,738 method:org.apache.http.impl.conn.LoggingManagedHttpClientConnection.onRequestSubmitted(LoggingManagedHttpClientConnection.java:136)
http-outgoing-5 >> Content-Type: application/json; charset=utf-8
[DEBUG] 2017-07-05 17:07:15,738 method:org.apache.http.impl.conn.LoggingManagedHttpClientConnection.onRequestSubmitted(LoggingManagedHttpClientConnection.java:136)
http-outgoing-5 >> Content-Length: 52
[DEBUG] 2017-07-05 17:07:15,738 method:org.apache.http.impl.conn.LoggingManagedHttpClientConnection.onRequestSubmitted(LoggingManagedHttpClientConnection.java:136)
http-outgoing-5 >> Host: localhost:23176
[DEBUG] 2017-07-05 17:07:15,738 method:org.apache.http.impl.conn.LoggingManagedHttpClientConnection.onRequestSubmitted(LoggingManagedHttpClientConnection.java:136)
http-outgoing-5 >> Connection: Keep-Alive
[DEBUG] 2017-07-05 17:07:15,738 method:org.apache.http.impl.conn.LoggingManagedHttpClientConnection.onRequestSubmitted(LoggingManagedHttpClientConnection.java:136)
http-outgoing-5 >> User-Agent: Apache-HttpClient/4.5.3 (Java/1.8.0_111)
[DEBUG] 2017-07-05 17:07:15,738 method:org.apache.http.impl.conn.LoggingManagedHttpClientConnection.onRequestSubmitted(LoggingManagedHttpClientConnection.java:136)
http-outgoing-5 >> Accept-Encoding: gzip,deflate
[DEBUG] 2017-07-05 17:07:15,739 method:org.apache.http.impl.conn.Wire.wire(Wire.java:73)
http-outgoing-5 >> "POST /session/408d3c17918aedf77d102f992aa918b8/element/0.16599930121209927-1/value HTTP/1.1[\r][\n]"
[DEBUG] 2017-07-05 17:07:15,739 method:org.apache.http.impl.conn.Wire.wire(Wire.java:73)
http-outgoing-5 >> "Content-Type: application/json; charset=utf-8[\r][\n]"
[DEBUG] 2017-07-05 17:07:15,739 method:org.apache.http.impl.conn.Wire.wire(Wire.java:73)
http-outgoing-5 >> "Content-Length: 52[\r][\n]"
[DEBUG] 2017-07-05 17:07:15,739 method:org.apache.http.impl.conn.Wire.wire(Wire.java:73)
http-outgoing-5 >> "Host: localhost:23176[\r][\n]"
[DEBUG] 2017-07-05 17:07:15,739 method:org.apache.http.impl.conn.Wire.wire(Wire.java:73)
http-outgoing-5 >> "Connection: Keep-Alive[\r][\n]"
[DEBUG] 2017-07-05 17:07:15,739 method:org.apache.http.impl.conn.Wire.wire(Wire.java:73)
http-outgoing-5 >> "User-Agent: Apache-HttpClient/4.5.3 (Java/1.8.0_111)[\r][\n]"
[DEBUG] 2017-07-05 17:07:15,740 method:org.apache.http.impl.conn.Wire.wire(Wire.java:73)
http-outgoing-5 >> "Accept-Encoding: gzip,deflate[\r][\n]"
[DEBUG] 2017-07-05 17:07:15,740 method:org.apache.http.impl.conn.Wire.wire(Wire.java:73)
http-outgoing-5 >> "[\r][\n]"
[DEBUG] 2017-07-05 17:07:15,740 method:org.apache.http.impl.conn.Wire.wire(Wire.java:87)
http-outgoing-5 >> "{"id":"0.16599930121209927-1","value":["swx458348"]}"
[DEBUG] 2017-07-05 17:07:15,851 method:org.apache.http.impl.conn.Wire.wire(Wire.java:73)
http-outgoing-5 << "HTTP/1.1 200 OK[\r][\n]"
[DEBUG] 2017-07-05 17:07:15,852 method:org.apache.http.impl.conn.Wire.wire(Wire.java:73)
http-outgoing-5 << "Content-Length:72[\r][\n]"
[DEBUG] 2017-07-05 17:07:15,852 method:org.apache.http.impl.conn.Wire.wire(Wire.java:73)
http-outgoing-5 << "Content-Type:application/json; charset=utf-8[\r][\n]"
[DEBUG] 2017-07-05 17:07:15,852 method:org.apache.http.impl.conn.Wire.wire(Wire.java:73)
http-outgoing-5 << "Connection:close[\r][\n]"
[DEBUG] 2017-07-05 17:07:15,852 method:org.apache.http.impl.conn.Wire.wire(Wire.java:73)
http-outgoing-5 << "[\r][\n]"
[DEBUG] 2017-07-05 17:07:15,852 method:org.apache.http.impl.conn.Wire.wire(Wire.java:87)
http-outgoing-5 << "{"sessionId":"408d3c17918aedf77d102f992aa918b8","status":0,"value":null}"
[DEBUG] 2017-07-05 17:07:15,853 method:org.apache.http.impl.conn.LoggingManagedHttpClientConnection.onResponseReceived(LoggingManagedHttpClientConnection.java:122)
http-outgoing-5 << HTTP/1.1 200 OK
[DEBUG] 2017-07-05 17:07:15,853 method:org.apache.http.impl.conn.LoggingManagedHttpClientConnection.onResponseReceived(LoggingManagedHttpClientConnection.java:125)
http-outgoing-5 << Content-Length:72
[DEBUG] 2017-07-05 17:07:15,853 method:org.apache.http.impl.conn.LoggingManagedHttpClientConnection.onResponseReceived(LoggingManagedHttpClientConnection.java:125)
http-outgoing-5 << Content-Type:application/json; charset=utf-8
[DEBUG] 2017-07-05 17:07:15,853 method:org.apache.http.impl.conn.LoggingManagedHttpClientConnection.onResponseReceived(LoggingManagedHttpClientConnection.java:125)
http-outgoing-5 << Connection:close
[DEBUG] 2017-07-05 17:07:15,853 method:org.apache.http.impl.conn.LoggingManagedHttpClientConnection.close(LoggingManagedHttpClientConnection.java:79)
http-outgoing-5: Close connection
[DEBUG] 2017-07-05 17:07:15,853 method:org.apache.http.impl.execchain.ConnectionHolder.releaseConnection(ConnectionHolder.java:104)
Connection discarded
[DEBUG] 2017-07-05 17:07:15,854 method:org.apache.http.impl.conn.PoolingHttpClientConnectionManager.releaseConnection(PoolingHttpClientConnectionManager.java:326)
Connection released: [id: 5][route: {}->http://localhost:23176][total kept alive: 0; route allocated: 0 of 2000; total allocated: 0 of 2000]
account:输入内容==swx458348
[DEBUG] 2017-07-05 17:07:15,855 method:org.apache.http.client.protocol.RequestAddCookies.process(RequestAddCookies.java:123)
CookieSpec selected: default
[DEBUG] 2017-07-05 17:07:15,855 method:org.apache.http.client.protocol.RequestAuthCache.process(RequestAuthCache.java:77)
Auth cache not set in the context
[DEBUG] 2017-07-05 17:07:15,855 method:org.apache.http.impl.conn.PoolingHttpClientConnectionManager.requestConnection(PoolingHttpClientConnectionManager.java:255)
Connection request: [route: {}->http://localhost:23176][total kept alive: 0; route allocated: 0 of 2000; total allocated: 0 of 2000]
[DEBUG] 2017-07-05 17:07:15,855 method:org.apache.http.impl.conn.PoolingHttpClientConnectionManager.leaseConnection(PoolingHttpClientConnectionManager.java:288)
Connection leased: [id: 6][route: {}->http://localhost:23176][total kept alive: 0; route allocated: 1 of 2000; total allocated: 1 of 2000]
[DEBUG] 2017-07-05 17:07:15,855 method:org.apache.http.impl.execchain.MainClientExec.execute(MainClientExec.java:235)
Opening connection {}->http://localhost:23176
[DEBUG] 2017-07-05 17:07:15,856 method:org.apache.http.impl.conn.DefaultHttpClientConnectionOperator.connect(DefaultHttpClientConnectionOperator.java:139)
Connecting to localhost/127.0.0.1:23176
[DEBUG] 2017-07-05 17:07:15,856 method:org.apache.http.impl.conn.DefaultHttpClientConnectionOperator.connect(DefaultHttpClientConnectionOperator.java:146)
Connection established 127.0.0.1:59681<->127.0.0.1:23176
[DEBUG] 2017-07-05 17:07:15,856 method:org.apache.http.impl.conn.LoggingManagedHttpClientConnection.setSocketTimeout(LoggingManagedHttpClientConnection.java:88)
http-outgoing-6: set socket timeout to 10800000
[DEBUG] 2017-07-05 17:07:15,856 method:org.apache.http.impl.execchain.MainClientExec.execute(MainClientExec.java:256)
Executing request POST /session/408d3c17918aedf77d102f992aa918b8/elements HTTP/1.1
[DEBUG] 2017-07-05 17:07:15,857 method:org.apache.http.impl.execchain.MainClientExec.execute(MainClientExec.java:261)
Target auth state: UNCHALLENGED
[DEBUG] 2017-07-05 17:07:15,857 method:org.apache.http.impl.execchain.MainClientExec.execute(MainClientExec.java:267)
Proxy auth state: UNCHALLENGED
[DEBUG] 2017-07-05 17:07:15,857 method:org.apache.http.impl.conn.LoggingManagedHttpClientConnection.onRequestSubmitted(LoggingManagedHttpClientConnection.java:133)
http-outgoing-6 >> POST /session/408d3c17918aedf77d102f992aa918b8/elements HTTP/1.1
[DEBUG] 2017-07-05 17:07:15,857 method:org.apache.http.impl.conn.LoggingManagedHttpClientConnection.onRequestSubmitted(LoggingManagedHttpClientConnection.java:136)
http-outgoing-6 >> Content-Type: application/json; charset=utf-8
[DEBUG] 2017-07-05 17:07:15,857 method:org.apache.http.impl.conn.LoggingManagedHttpClientConnection.onRequestSubmitted(LoggingManagedHttpClientConnection.java:136)
http-outgoing-6 >> Content-Length: 39
[DEBUG] 2017-07-05 17:07:15,857 method:org.apache.http.impl.conn.LoggingManagedHttpClientConnection.onRequestSubmitted(LoggingManagedHttpClientConnection.java:136)
http-outgoing-6 >> Host: localhost:23176
[DEBUG] 2017-07-05 17:07:15,857 method:org.apache.http.impl.conn.LoggingManagedHttpClientConnection.onRequestSubmitted(LoggingManagedHttpClientConnection.java:136)
http-outgoing-6 >> Connection: Keep-Alive
[DEBUG] 2017-07-05 17:07:15,857 method:org.apache.http.impl.conn.LoggingManagedHttpClientConnection.onRequestSubmitted(LoggingManagedHttpClientConnection.java:136)
http-outgoing-6 >> User-Agent: Apache-HttpClient/4.5.3 (Java/1.8.0_111)
[DEBUG] 2017-07-05 17:07:15,858 method:org.apache.http.impl.conn.LoggingManagedHttpClientConnection.onRequestSubmitted(LoggingManagedHttpClientConnection.java:136)
http-outgoing-6 >> Accept-Encoding: gzip,deflate
[DEBUG] 2017-07-05 17:07:15,858 method:org.apache.http.impl.conn.Wire.wire(Wire.java:73)
http-outgoing-6 >> "POST /session/408d3c17918aedf77d102f992aa918b8/elements HTTP/1.1[\r][\n]"
[DEBUG] 2017-07-05 17:07:15,858 method:org.apache.http.impl.conn.Wire.wire(Wire.java:73)
http-outgoing-6 >> "Content-Type: application/json; charset=utf-8[\r][\n]"
[DEBUG] 2017-07-05 17:07:15,858 method:org.apache.http.impl.conn.Wire.wire(Wire.java:73)
http-outgoing-6 >> "Content-Length: 39[\r][\n]"
[DEBUG] 2017-07-05 17:07:15,858 method:org.apache.http.impl.conn.Wire.wire(Wire.java:73)
http-outgoing-6 >> "Host: localhost:23176[\r][\n]"
[DEBUG] 2017-07-05 17:07:15,858 method:org.apache.http.impl.conn.Wire.wire(Wire.java:73)
http-outgoing-6 >> "Connection: Keep-Alive[\r][\n]"
[DEBUG] 2017-07-05 17:07:15,859 method:org.apache.http.impl.conn.Wire.wire(Wire.java:73)
http-outgoing-6 >> "User-Agent: Apache-HttpClient/4.5.3 (Java/1.8.0_111)[\r][\n]"
[DEBUG] 2017-07-05 17:07:15,859 method:org.apache.http.impl.conn.Wire.wire(Wire.java:73)
http-outgoing-6 >> "Accept-Encoding: gzip,deflate[\r][\n]"
[DEBUG] 2017-07-05 17:07:15,859 method:org.apache.http.impl.conn.Wire.wire(Wire.java:73)
http-outgoing-6 >> "[\r][\n]"
[DEBUG] 2017-07-05 17:07:15,859 method:org.apache.http.impl.conn.Wire.wire(Wire.java:87)
http-outgoing-6 >> "{"using":"name","value":"wiseopernice"}"
[DEBUG] 2017-07-05 17:07:15,881 method:org.apache.http.impl.conn.Wire.wire(Wire.java:73)
http-outgoing-6 << "HTTP/1.1 200 OK[\r][\n]"
[DEBUG] 2017-07-05 17:07:15,882 method:org.apache.http.impl.conn.Wire.wire(Wire.java:73)
http-outgoing-6 << "Content-Length:105[\r][\n]"
[DEBUG] 2017-07-05 17:07:15,882 method:org.apache.http.impl.conn.Wire.wire(Wire.java:73)
http-outgoing-6 << "Content-Type:application/json; charset=utf-8[\r][\n]"
[DEBUG] 2017-07-05 17:07:15,882 method:org.apache.http.impl.conn.Wire.wire(Wire.java:73)
http-outgoing-6 << "Connection:close[\r][\n]"
[DEBUG] 2017-07-05 17:07:15,882 method:org.apache.http.impl.conn.Wire.wire(Wire.java:73)
http-outgoing-6 << "[\r][\n]"
[DEBUG] 2017-07-05 17:07:15,882 method:org.apache.http.impl.conn.Wire.wire(Wire.java:87)
http-outgoing-6 << "{"sessionId":"408d3c17918aedf77d102f992aa918b8","status":0,"value":[{"ELEMENT":"0.16599930121209927-2"}]}"
[DEBUG] 2017-07-05 17:07:15,883 method:org.apache.http.impl.conn.LoggingManagedHttpClientConnection.onResponseReceived(LoggingManagedHttpClientConnection.java:122)
http-outgoing-6 << HTTP/1.1 200 OK
[DEBUG] 2017-07-05 17:07:15,883 method:org.apache.http.impl.conn.LoggingManagedHttpClientConnection.onResponseReceived(LoggingManagedHttpClientConnection.java:125)
http-outgoing-6 << Content-Length:105
[DEBUG] 2017-07-05 17:07:15,883 method:org.apache.http.impl.conn.LoggingManagedHttpClientConnection.onResponseReceived(LoggingManagedHttpClientConnection.java:125)
http-outgoing-6 << Content-Type:application/json; charset=utf-8
[DEBUG] 2017-07-05 17:07:15,883 method:org.apache.http.impl.conn.LoggingManagedHttpClientConnection.onResponseReceived(LoggingManagedHttpClientConnection.java:125)
http-outgoing-6 << Connection:close
[DEBUG] 2017-07-05 17:07:15,883 method:org.apache.http.impl.conn.LoggingManagedHttpClientConnection.close(LoggingManagedHttpClientConnection.java:79)
http-outgoing-6: Close connection
[DEBUG] 2017-07-05 17:07:15,884 method:org.apache.http.impl.execchain.ConnectionHolder.releaseConnection(ConnectionHolder.java:104)
Connection discarded
[DEBUG] 2017-07-05 17:07:15,884 method:org.apache.http.impl.conn.PoolingHttpClientConnectionManager.releaseConnection(PoolingHttpClientConnectionManager.java:326)
Connection released: [id: 6][route: {}->http://localhost:23176][total kept alive: 0; route allocated: 0 of 2000; total allocated: 0 of 2000]
[DEBUG] 2017-07-05 17:07:16,685 method:org.apache.http.client.protocol.RequestAddCookies.process(RequestAddCookies.java:123)
CookieSpec selected: default
[DEBUG] 2017-07-05 17:07:16,686 method:org.apache.http.client.protocol.RequestAuthCache.process(RequestAuthCache.java:77)
Auth cache not set in the context
[DEBUG] 2017-07-05 17:07:16,686 method:org.apache.http.impl.conn.PoolingHttpClientConnectionManager.requestConnection(PoolingHttpClientConnectionManager.java:255)
Connection request: [route: {}->http://localhost:23176][total kept alive: 0; route allocated: 0 of 2000; total allocated: 0 of 2000]
[DEBUG] 2017-07-05 17:07:16,686 method:org.apache.http.impl.conn.PoolingHttpClientConnectionManager.leaseConnection(PoolingHttpClientConnectionManager.java:288)
Connection leased: [id: 7][route: {}->http://localhost:23176][total kept alive: 0; route allocated: 1 of 2000; total allocated: 1 of 2000]
[DEBUG] 2017-07-05 17:07:16,686 method:org.apache.http.impl.execchain.MainClientExec.execute(MainClientExec.java:235)
Opening connection {}->http://localhost:23176
[DEBUG] 2017-07-05 17:07:16,686 method:org.apache.http.impl.conn.DefaultHttpClientConnectionOperator.connect(DefaultHttpClientConnectionOperator.java:139)
Connecting to localhost/127.0.0.1:23176
[DEBUG] 2017-07-05 17:07:16,687 method:org.apache.http.impl.conn.DefaultHttpClientConnectionOperator.connect(DefaultHttpClientConnectionOperator.java:146)
Connection established 127.0.0.1:59682<->127.0.0.1:23176
[DEBUG] 2017-07-05 17:07:16,687 method:org.apache.http.impl.conn.LoggingManagedHttpClientConnection.setSocketTimeout(LoggingManagedHttpClientConnection.java:88)
http-outgoing-7: set socket timeout to 10800000
[DEBUG] 2017-07-05 17:07:16,687 method:org.apache.http.impl.execchain.MainClientExec.execute(MainClientExec.java:256)
Executing request POST /session/408d3c17918aedf77d102f992aa918b8/element HTTP/1.1
[DEBUG] 2017-07-05 17:07:16,687 method:org.apache.http.impl.execchain.MainClientExec.execute(MainClientExec.java:261)
Target auth state: UNCHALLENGED
[DEBUG] 2017-07-05 17:07:16,687 method:org.apache.http.impl.execchain.MainClientExec.execute(MainClientExec.java:267)
Proxy auth state: UNCHALLENGED
[DEBUG] 2017-07-05 17:07:16,688 method:org.apache.http.impl.conn.LoggingManagedHttpClientConnection.onRequestSubmitted(LoggingManagedHttpClientConnection.java:133)
http-outgoing-7 >> POST /session/408d3c17918aedf77d102f992aa918b8/element HTTP/1.1
[DEBUG] 2017-07-05 17:07:16,688 method:org.apache.http.impl.conn.LoggingManagedHttpClientConnection.onRequestSubmitted(LoggingManagedHttpClientConnection.java:136)
http-outgoing-7 >> Content-Type: application/json; charset=utf-8
[DEBUG] 2017-07-05 17:07:16,688 method:org.apache.http.impl.conn.LoggingManagedHttpClientConnection.onRequestSubmitted(LoggingManagedHttpClientConnection.java:136)
http-outgoing-7 >> Content-Length: 39
[DEBUG] 2017-07-05 17:07:16,688 method:org.apache.http.impl.conn.LoggingManagedHttpClientConnection.onRequestSubmitted(LoggingManagedHttpClientConnection.java:136)
http-outgoing-7 >> Host: localhost:23176
[DEBUG] 2017-07-05 17:07:16,688 method:org.apache.http.impl.conn.LoggingManagedHttpClientConnection.onRequestSubmitted(LoggingManagedHttpClientConnection.java:136)
http-outgoing-7 >> Connection: Keep-Alive
[DEBUG] 2017-07-05 17:07:16,688 method:org.apache.http.impl.conn.LoggingManagedHttpClientConnection.onRequestSubmitted(LoggingManagedHttpClientConnection.java:136)
http-outgoing-7 >> User-Agent: Apache-HttpClient/4.5.3 (Java/1.8.0_111)
[DEBUG] 2017-07-05 17:07:16,688 method:org.apache.http.impl.conn.LoggingManagedHttpClientConnection.onRequestSubmitted(LoggingManagedHttpClientConnection.java:136)
http-outgoing-7 >> Accept-Encoding: gzip,deflate
[DEBUG] 2017-07-05 17:07:16,689 method:org.apache.http.impl.conn.Wire.wire(Wire.java:73)
http-outgoing-7 >> "POST /session/408d3c17918aedf77d102f992aa918b8/element HTTP/1.1[\r][\n]"
[DEBUG] 2017-07-05 17:07:16,689 method:org.apache.http.impl.conn.Wire.wire(Wire.java:73)
http-outgoing-7 >> "Content-Type: application/json; charset=utf-8[\r][\n]"
[DEBUG] 2017-07-05 17:07:16,689 method:org.apache.http.impl.conn.Wire.wire(Wire.java:73)
http-outgoing-7 >> "Content-Length: 39[\r][\n]"
[DEBUG] 2017-07-05 17:07:16,689 method:org.apache.http.impl.conn.Wire.wire(Wire.java:73)
http-outgoing-7 >> "Host: localhost:23176[\r][\n]"
[DEBUG] 2017-07-05 17:07:16,689 method:org.apache.http.impl.conn.Wire.wire(Wire.java:73)
http-outgoing-7 >> "Connection: Keep-Alive[\r][\n]"
[DEBUG] 2017-07-05 17:07:16,689 method:org.apache.http.impl.conn.Wire.wire(Wire.java:73)
http-outgoing-7 >> "User-Agent: Apache-HttpClient/4.5.3 (Java/1.8.0_111)[\r][\n]"
[DEBUG] 2017-07-05 17:07:16,689 method:org.apache.http.impl.conn.Wire.wire(Wire.java:73)
http-outgoing-7 >> "Accept-Encoding: gzip,deflate[\r][\n]"
[DEBUG] 2017-07-05 17:07:16,689 method:org.apache.http.impl.conn.Wire.wire(Wire.java:73)
http-outgoing-7 >> "[\r][\n]"
[DEBUG] 2017-07-05 17:07:16,690 method:org.apache.http.impl.conn.Wire.wire(Wire.java:87)
http-outgoing-7 >> "{"using":"name","value":"wiseopernice"}"
[DEBUG] 2017-07-05 17:07:16,711 method:org.apache.http.impl.conn.Wire.wire(Wire.java:73)
http-outgoing-7 << "HTTP/1.1 200 OK[\r][\n]"
[DEBUG] 2017-07-05 17:07:16,711 method:org.apache.http.impl.conn.Wire.wire(Wire.java:73)
http-outgoing-7 << "Content-Length:103[\r][\n]"
[DEBUG] 2017-07-05 17:07:16,712 method:org.apache.http.impl.conn.Wire.wire(Wire.java:73)
http-outgoing-7 << "Content-Type:application/json; charset=utf-8[\r][\n]"
[DEBUG] 2017-07-05 17:07:16,712 method:org.apache.http.impl.conn.Wire.wire(Wire.java:73)
http-outgoing-7 << "Connection:close[\r][\n]"
[DEBUG] 2017-07-05 17:07:16,712 method:org.apache.http.impl.conn.Wire.wire(Wire.java:73)
http-outgoing-7 << "[\r][\n]"
[DEBUG] 2017-07-05 17:07:16,712 method:org.apache.http.impl.conn.Wire.wire(Wire.java:87)
http-outgoing-7 << "{"sessionId":"408d3c17918aedf77d102f992aa918b8","status":0,"value":{"ELEMENT":"0.16599930121209927-2"}}"
[DEBUG] 2017-07-05 17:07:16,712 method:org.apache.http.impl.conn.LoggingManagedHttpClientConnection.onResponseReceived(LoggingManagedHttpClientConnection.java:122)
http-outgoing-7 << HTTP/1.1 200 OK
[DEBUG] 2017-07-05 17:07:16,713 method:org.apache.http.impl.conn.LoggingManagedHttpClientConnection.onResponseReceived(LoggingManagedHttpClientConnection.java:125)
http-outgoing-7 << Content-Length:103
[DEBUG] 2017-07-05 17:07:16,713 method:org.apache.http.impl.conn.LoggingManagedHttpClientConnection.onResponseReceived(LoggingManagedHttpClientConnection.java:125)
http-outgoing-7 << Content-Type:application/json; charset=utf-8
[DEBUG] 2017-07-05 17:07:16,713 method:org.apache.http.impl.conn.LoggingManagedHttpClientConnection.onResponseReceived(LoggingManagedHttpClientConnection.java:125)
http-outgoing-7 << Connection:close
[DEBUG] 2017-07-05 17:07:16,713 method:org.apache.http.impl.conn.LoggingManagedHttpClientConnection.close(LoggingManagedHttpClientConnection.java:79)
http-outgoing-7: Close connection
[DEBUG] 2017-07-05 17:07:16,714 method:org.apache.http.impl.execchain.ConnectionHolder.releaseConnection(ConnectionHolder.java:104)
Connection discarded
[DEBUG] 2017-07-05 17:07:16,714 method:org.apache.http.impl.conn.PoolingHttpClientConnectionManager.releaseConnection(PoolingHttpClientConnectionManager.java:326)
Connection released: [id: 7][route: {}->http://localhost:23176][total kept alive: 0; route allocated: 0 of 2000; total allocated: 0 of 2000]
[DEBUG] 2017-07-05 17:07:16,716 method:org.apache.http.client.protocol.RequestAddCookies.process(RequestAddCookies.java:123)
CookieSpec selected: default
[DEBUG] 2017-07-05 17:07:16,716 method:org.apache.http.client.protocol.RequestAuthCache.process(RequestAuthCache.java:77)
Auth cache not set in the context
[DEBUG] 2017-07-05 17:07:16,716 method:org.apache.http.impl.conn.PoolingHttpClientConnectionManager.requestConnection(PoolingHttpClientConnectionManager.java:255)
Connection request: [route: {}->http://localhost:23176][total kept alive: 0; route allocated: 0 of 2000; total allocated: 0 of 2000]
[DEBUG] 2017-07-05 17:07:16,716 method:org.apache.http.impl.conn.PoolingHttpClientConnectionManager.leaseConnection(PoolingHttpClientConnectionManager.java:288)
Connection leased: [id: 8][route: {}->http://localhost:23176][total kept alive: 0; route allocated: 1 of 2000; total allocated: 1 of 2000]
[DEBUG] 2017-07-05 17:07:16,716 method:org.apache.http.impl.execchain.MainClientExec.execute(MainClientExec.java:235)
Opening connection {}->http://localhost:23176
[DEBUG] 2017-07-05 17:07:16,717 method:org.apache.http.impl.conn.DefaultHttpClientConnectionOperator.connect(DefaultHttpClientConnectionOperator.java:139)
Connecting to localhost/127.0.0.1:23176
[DEBUG] 2017-07-05 17:07:16,717 method:org.apache.http.impl.conn.DefaultHttpClientConnectionOperator.connect(DefaultHttpClientConnectionOperator.java:146)
Connection established 127.0.0.1:59683<->127.0.0.1:23176
[DEBUG] 2017-07-05 17:07:16,717 method:org.apache.http.impl.conn.LoggingManagedHttpClientConnection.setSocketTimeout(LoggingManagedHttpClientConnection.java:88)
http-outgoing-8: set socket timeout to 10800000
[DEBUG] 2017-07-05 17:07:16,718 method:org.apache.http.impl.execchain.MainClientExec.execute(MainClientExec.java:256)
Executing request POST /session/408d3c17918aedf77d102f992aa918b8/element/0.16599930121209927-2/value HTTP/1.1
[DEBUG] 2017-07-05 17:07:16,718 method:org.apache.http.impl.execchain.MainClientExec.execute(MainClientExec.java:261)
Target auth state: UNCHALLENGED
[DEBUG] 2017-07-05 17:07:16,718 method:org.apache.http.impl.execchain.MainClientExec.execute(MainClientExec.java:267)
Proxy auth state: UNCHALLENGED
[DEBUG] 2017-07-05 17:07:16,718 method:org.apache.http.impl.conn.LoggingManagedHttpClientConnection.onRequestSubmitted(LoggingManagedHttpClientConnection.java:133)
http-outgoing-8 >> POST /session/408d3c17918aedf77d102f992aa918b8/element/0.16599930121209927-2/value HTTP/1.1
[DEBUG] 2017-07-05 17:07:16,718 method:org.apache.http.impl.conn.LoggingManagedHttpClientConnection.onRequestSubmitted(LoggingManagedHttpClientConnection.java:136)
http-outgoing-8 >> Content-Type: application/json; charset=utf-8
[DEBUG] 2017-07-05 17:07:16,719 method:org.apache.http.impl.conn.LoggingManagedHttpClientConnection.onRequestSubmitted(LoggingManagedHttpClientConnection.java:136)
http-outgoing-8 >> Content-Length: 54
[DEBUG] 2017-07-05 17:07:16,719 method:org.apache.http.impl.conn.LoggingManagedHttpClientConnection.onRequestSubmitted(LoggingManagedHttpClientConnection.java:136)
http-outgoing-8 >> Host: localhost:23176
[DEBUG] 2017-07-05 17:07:16,719 method:org.apache.http.impl.conn.LoggingManagedHttpClientConnection.onRequestSubmitted(LoggingManagedHttpClientConnection.java:136)
http-outgoing-8 >> Connection: Keep-Alive
[DEBUG] 2017-07-05 17:07:16,719 method:org.apache.http.impl.conn.LoggingManagedHttpClientConnection.onRequestSubmitted(LoggingManagedHttpClientConnection.java:136)
http-outgoing-8 >> User-Agent: Apache-HttpClient/4.5.3 (Java/1.8.0_111)
[DEBUG] 2017-07-05 17:07:16,719 method:org.apache.http.impl.conn.LoggingManagedHttpClientConnection.onRequestSubmitted(LoggingManagedHttpClientConnection.java:136)
http-outgoing-8 >> Accept-Encoding: gzip,deflate
[DEBUG] 2017-07-05 17:07:16,720 method:org.apache.http.impl.conn.Wire.wire(Wire.java:73)
http-outgoing-8 >> "POST /session/408d3c17918aedf77d102f992aa918b8/element/0.16599930121209927-2/value HTTP/1.1[\r][\n]"
[DEBUG] 2017-07-05 17:07:16,720 method:org.apache.http.impl.conn.Wire.wire(Wire.java:73)
http-outgoing-8 >> "Content-Type: application/json; charset=utf-8[\r][\n]"
[DEBUG] 2017-07-05 17:07:16,720 method:org.apache.http.impl.conn.Wire.wire(Wire.java:73)
http-outgoing-8 >> "Content-Length: 54[\r][\n]"
[DEBUG] 2017-07-05 17:07:16,720 method:org.apache.http.impl.conn.Wire.wire(Wire.java:73)
http-outgoing-8 >> "Host: localhost:23176[\r][\n]"
[DEBUG] 2017-07-05 17:07:16,720 method:org.apache.http.impl.conn.Wire.wire(Wire.java:73)
http-outgoing-8 >> "Connection: Keep-Alive[\r][\n]"
[DEBUG] 2017-07-05 17:07:16,720 method:org.apache.http.impl.conn.Wire.wire(Wire.java:73)
http-outgoing-8 >> "User-Agent: Apache-HttpClient/4.5.3 (Java/1.8.0_111)[\r][\n]"
[DEBUG] 2017-07-05 17:07:16,721 method:org.apache.http.impl.conn.Wire.wire(Wire.java:73)
http-outgoing-8 >> "Accept-Encoding: gzip,deflate[\r][\n]"
[DEBUG] 2017-07-05 17:07:16,721 method:org.apache.http.impl.conn.Wire.wire(Wire.java:73)
http-outgoing-8 >> "[\r][\n]"
[DEBUG] 2017-07-05 17:07:16,721 method:org.apache.http.impl.conn.Wire.wire(Wire.java:87)
http-outgoing-8 >> "{"id":"0.16599930121209927-2","value":["~shikun1989"]}"
[DEBUG] 2017-07-05 17:07:16,810 method:org.apache.http.impl.conn.Wire.wire(Wire.java:73)
http-outgoing-8 << "HTTP/1.1 200 OK[\r][\n]"
[DEBUG] 2017-07-05 17:07:16,810 method:org.apache.http.impl.conn.Wire.wire(Wire.java:73)
http-outgoing-8 << "Content-Length:72[\r][\n]"
[DEBUG] 2017-07-05 17:07:16,810 method:org.apache.http.impl.conn.Wire.wire(Wire.java:73)
http-outgoing-8 << "Content-Type:application/json; charset=utf-8[\r][\n]"
[DEBUG] 2017-07-05 17:07:16,810 method:org.apache.http.impl.conn.Wire.wire(Wire.java:73)
http-outgoing-8 << "Connection:close[\r][\n]"
[DEBUG] 2017-07-05 17:07:16,810 method:org.apache.http.impl.conn.Wire.wire(Wire.java:73)
http-outgoing-8 << "[\r][\n]"
[DEBUG] 2017-07-05 17:07:16,811 method:org.apache.http.impl.conn.Wire.wire(Wire.java:87)
http-outgoing-8 << "{"sessionId":"408d3c17918aedf77d102f992aa918b8","status":0,"value":null}"
[DEBUG] 2017-07-05 17:07:16,811 method:org.apache.http.impl.conn.LoggingManagedHttpClientConnection.onResponseReceived(LoggingManagedHttpClientConnection.java:122)
http-outgoing-8 << HTTP/1.1 200 OK
[DEBUG] 2017-07-05 17:07:16,811 method:org.apache.http.impl.conn.LoggingManagedHttpClientConnection.onResponseReceived(LoggingManagedHttpClientConnection.java:125)
http-outgoing-8 << Content-Length:72
[DEBUG] 2017-07-05 17:07:16,811 method:org.apache.http.impl.conn.LoggingManagedHttpClientConnection.onResponseReceived(LoggingManagedHttpClientConnection.java:125)
http-outgoing-8 << Content-Type:application/json; charset=utf-8
[DEBUG] 2017-07-05 17:07:16,811 method:org.apache.http.impl.conn.LoggingManagedHttpClientConnection.onResponseReceived(LoggingManagedHttpClientConnection.java:125)
http-outgoing-8 << Connection:close
[DEBUG] 2017-07-05 17:07:16,812 method:org.apache.http.impl.conn.LoggingManagedHttpClientConnection.close(LoggingManagedHttpClientConnection.java:79)
http-outgoing-8: Close connection
[DEBUG] 2017-07-05 17:07:16,812 method:org.apache.http.impl.execchain.ConnectionHolder.releaseConnection(ConnectionHolder.java:104)
Connection discarded
[DEBUG] 2017-07-05 17:07:16,812 method:org.apache.http.impl.conn.PoolingHttpClientConnectionManager.releaseConnection(PoolingHttpClientConnectionManager.java:326)
Connection released: [id: 8][route: {}->http://localhost:23176][total kept alive: 0; route allocated: 0 of 2000; total allocated: 0 of 2000]
wiseopernice:输入内容==~shikun1989
[DEBUG] 2017-07-05 17:07:16,815 method:org.apache.http.client.protocol.RequestAddCookies.process(RequestAddCookies.java:123)
CookieSpec selected: default
[DEBUG] 2017-07-05 17:07:16,815 method:org.apache.http.client.protocol.RequestAuthCache.process(RequestAuthCache.java:77)
Auth cache not set in the context
[DEBUG] 2017-07-05 17:07:16,816 method:org.apache.http.impl.conn.PoolingHttpClientConnectionManager.requestConnection(PoolingHttpClientConnectionManager.java:255)
Connection request: [route: {}->http://localhost:23176][total kept alive: 0; route allocated: 0 of 2000; total allocated: 0 of 2000]
[DEBUG] 2017-07-05 17:07:16,816 method:org.apache.http.impl.conn.PoolingHttpClientConnectionManager.leaseConnection(PoolingHttpClientConnectionManager.java:288)
Connection leased: [id: 9][route: {}->http://localhost:23176][total kept alive: 0; route allocated: 1 of 2000; total allocated: 1 of 2000]
[DEBUG] 2017-07-05 17:07:16,817 method:org.apache.http.impl.execchain.MainClientExec.execute(MainClientExec.java:235)
Opening connection {}->http://localhost:23176
[DEBUG] 2017-07-05 17:07:16,817 method:org.apache.http.impl.conn.DefaultHttpClientConnectionOperator.connect(DefaultHttpClientConnectionOperator.java:139)
Connecting to localhost/127.0.0.1:23176
[DEBUG] 2017-07-05 17:07:16,817 method:org.apache.http.impl.conn.DefaultHttpClientConnectionOperator.connect(DefaultHttpClientConnectionOperator.java:146)
Connection established 127.0.0.1:59686<->127.0.0.1:23176
[DEBUG] 2017-07-05 17:07:16,818 method:org.apache.http.impl.conn.LoggingManagedHttpClientConnection.setSocketTimeout(LoggingManagedHttpClientConnection.java:88)
http-outgoing-9: set socket timeout to 10800000
[DEBUG] 2017-07-05 17:07:16,818 method:org.apache.http.impl.execchain.MainClientExec.execute(MainClientExec.java:256)
Executing request POST /session/408d3c17918aedf77d102f992aa918b8/elements HTTP/1.1
[DEBUG] 2017-07-05 17:07:16,818 method:org.apache.http.impl.execchain.MainClientExec.execute(MainClientExec.java:261)
Target auth state: UNCHALLENGED
[DEBUG] 2017-07-05 17:07:16,818 method:org.apache.http.impl.execchain.MainClientExec.execute(MainClientExec.java:267)
Proxy auth state: UNCHALLENGED
[DEBUG] 2017-07-05 17:07:16,818 method:org.apache.http.impl.conn.LoggingManagedHttpClientConnection.onRequestSubmitted(LoggingManagedHttpClientConnection.java:133)
http-outgoing-9 >> POST /session/408d3c17918aedf77d102f992aa918b8/elements HTTP/1.1
[DEBUG] 2017-07-05 17:07:16,818 method:org.apache.http.impl.conn.LoggingManagedHttpClientConnection.onRequestSubmitted(LoggingManagedHttpClientConnection.java:136)
http-outgoing-9 >> Content-Type: application/json; charset=utf-8
[DEBUG] 2017-07-05 17:07:16,818 method:org.apache.http.impl.conn.LoggingManagedHttpClientConnection.onRequestSubmitted(LoggingManagedHttpClientConnection.java:136)
http-outgoing-9 >> Content-Length: 75
[DEBUG] 2017-07-05 17:07:16,818 method:org.apache.http.impl.conn.LoggingManagedHttpClientConnection.onRequestSubmitted(LoggingManagedHttpClientConnection.java:136)
http-outgoing-9 >> Host: localhost:23176
[DEBUG] 2017-07-05 17:07:16,818 method:org.apache.http.impl.conn.LoggingManagedHttpClientConnection.onRequestSubmitted(LoggingManagedHttpClientConnection.java:136)
http-outgoing-9 >> Connection: Keep-Alive
[DEBUG] 2017-07-05 17:07:16,819 method:org.apache.http.impl.conn.LoggingManagedHttpClientConnection.onRequestSubmitted(LoggingManagedHttpClientConnection.java:136)
http-outgoing-9 >> User-Agent: Apache-HttpClient/4.5.3 (Java/1.8.0_111)
[DEBUG] 2017-07-05 17:07:16,819 method:org.apache.http.impl.conn.LoggingManagedHttpClientConnection.onRequestSubmitted(LoggingManagedHttpClientConnection.java:136)
http-outgoing-9 >> Accept-Encoding: gzip,deflate
[DEBUG] 2017-07-05 17:07:16,819 method:org.apache.http.impl.conn.Wire.wire(Wire.java:73)
http-outgoing-9 >> "POST /session/408d3c17918aedf77d102f992aa918b8/elements HTTP/1.1[\r][\n]"
[DEBUG] 2017-07-05 17:07:16,819 method:org.apache.http.impl.conn.Wire.wire(Wire.java:73)
http-outgoing-9 >> "Content-Type: application/json; charset=utf-8[\r][\n]"
[DEBUG] 2017-07-05 17:07:16,819 method:org.apache.http.impl.conn.Wire.wire(Wire.java:73)
http-outgoing-9 >> "Content-Length: 75[\r][\n]"
[DEBUG] 2017-07-05 17:07:16,819 method:org.apache.http.impl.conn.Wire.wire(Wire.java:73)
http-outgoing-9 >> "Host: localhost:23176[\r][\n]"
[DEBUG] 2017-07-05 17:07:16,819 method:org.apache.http.impl.conn.Wire.wire(Wire.java:73)
http-outgoing-9 >> "Connection: Keep-Alive[\r][\n]"
[DEBUG] 2017-07-05 17:07:16,819 method:org.apache.http.impl.conn.Wire.wire(Wire.java:73)
http-outgoing-9 >> "User-Agent: Apache-HttpClient/4.5.3 (Java/1.8.0_111)[\r][\n]"
[DEBUG] 2017-07-05 17:07:16,819 method:org.apache.http.impl.conn.Wire.wire(Wire.java:73)
http-outgoing-9 >> "Accept-Encoding: gzip,deflate[\r][\n]"
[DEBUG] 2017-07-05 17:07:16,820 method:org.apache.http.impl.conn.Wire.wire(Wire.java:73)
http-outgoing-9 >> "[\r][\n]"
[DEBUG] 2017-07-05 17:07:16,820 method:org.apache.http.impl.conn.Wire.wire(Wire.java:87)
http-outgoing-9 >> "{"using":"xpath","value":"//*[@id=\"login\"]/div[1]/div[2]/form/button[1]"}"
[DEBUG] 2017-07-05 17:07:16,842 method:org.apache.http.impl.conn.Wire.wire(Wire.java:73)
http-outgoing-9 << "HTTP/1.1 200 OK[\r][\n]"
[DEBUG] 2017-07-05 17:07:16,842 method:org.apache.http.impl.conn.Wire.wire(Wire.java:73)
http-outgoing-9 << "Content-Length:105[\r][\n]"
[DEBUG] 2017-07-05 17:07:16,842 method:org.apache.http.impl.conn.Wire.wire(Wire.java:73)
http-outgoing-9 << "Content-Type:application/json; charset=utf-8[\r][\n]"
[DEBUG] 2017-07-05 17:07:16,843 method:org.apache.http.impl.conn.Wire.wire(Wire.java:73)
http-outgoing-9 << "Connection:close[\r][\n]"
[DEBUG] 2017-07-05 17:07:16,843 method:org.apache.http.impl.conn.Wire.wire(Wire.java:73)
http-outgoing-9 << "[\r][\n]"
[DEBUG] 2017-07-05 17:07:16,843 method:org.apache.http.impl.conn.Wire.wire(Wire.java:87)
http-outgoing-9 << "{"sessionId":"408d3c17918aedf77d102f992aa918b8","status":0,"value":[{"ELEMENT":"0.16599930121209927-3"}]}"
[DEBUG] 2017-07-05 17:07:16,843 method:org.apache.http.impl.conn.LoggingManagedHttpClientConnection.onResponseReceived(LoggingManagedHttpClientConnection.java:122)
http-outgoing-9 << HTTP/1.1 200 OK
[DEBUG] 2017-07-05 17:07:16,843 method:org.apache.http.impl.conn.LoggingManagedHttpClientConnection.onResponseReceived(LoggingManagedHttpClientConnection.java:125)
http-outgoing-9 << Content-Length:105
[DEBUG] 2017-07-05 17:07:16,843 method:org.apache.http.impl.conn.LoggingManagedHttpClientConnection.onResponseReceived(LoggingManagedHttpClientConnection.java:125)
[...]
http-outgoing-63 >> Content-Length: 83
[DEBUG] 2017-07-05 17:07:41,598 method:org.apache.http.impl.conn.LoggingManagedHttpClientConnection.onRequestSubmitted(LoggingManagedHttpClientConnection.java:136)
http-outgoing-63 >> Host: localhost:23176
[DEBUG] 2017-07-05 17:07:41,598 method:org.apache.http.impl.conn.LoggingManagedHttpClientConnection.onRequestSubmitted(LoggingManagedHttpClientConnection.java:136)
http-outgoing-63 >> Connection: Keep-Alive
[DEBUG] 2017-07-05 17:07:41,598 method:org.apache.http.impl.conn.LoggingManagedHttpClientConnection.onRequestSubmitted(LoggingManagedHttpClientConnection.java:136)
http-outgoing-63 >> User-Agent: Apache-HttpClient/4.5.3 (Java/1.8.0_111)
[DEBUG] 2017-07-05 17:07:41,599 method:org.apache.http.impl.conn.LoggingManagedHttpClientConnection.onRequestSubmitted(LoggingManagedHttpClientConnection.java:136)
http-outgoing-63 >> Accept-Encoding: gzip,deflate
[DEBUG] 2017-07-05 17:07:41,599 method:org.apache.http.impl.conn.Wire.wire(Wire.java:73)
http-outgoing-63 >> "POST /session/408d3c17918aedf77d102f992aa918b8/elements HTTP/1.1[\r][\n]"
[DEBUG] 2017-07-05 17:07:41,599 method:org.apache.http.impl.conn.Wire.wire(Wire.java:73)
http-outgoing-63 >> "Content-Type: application/json; charset=utf-8[\r][\n]"
[DEBUG] 2017-07-05 17:07:41,600 method:org.apache.http.impl.conn.Wire.wire(Wire.java:73)
http-outgoing-63 >> "Content-Length: 83[\r][\n]"
[DEBUG] 2017-07-05 17:07:41,600 method:org.apache.http.impl.conn.Wire.wire(Wire.java:73)
http-outgoing-63 >> "Host: localhost:23176[\r][\n]"
[DEBUG] 2017-07-05 17:07:41,600 method:org.apache.http.impl.conn.Wire.wire(Wire.java:73)
http-outgoing-63 >> "Connection: Keep-Alive[\r][\n]"
[DEBUG] 2017-07-05 17:07:41,600 method:org.apache.http.impl.conn.Wire.wire(Wire.java:73)
http-outgoing-63 >> "User-Agent: Apache-HttpClient/4.5.3 (Java/1.8.0_111)[\r][\n]"
[DEBUG] 2017-07-05 17:07:41,601 method:org.apache.http.impl.conn.Wire.wire(Wire.java:73)
http-outgoing-63 >> "Accept-Encoding: gzip,deflate[\r][\n]"
[DEBUG] 2017-07-05 17:07:41,601 method:org.apache.http.impl.conn.Wire.wire(Wire.java:73)
http-outgoing-63 >> "[\r][\n]"
[DEBUG] 2017-07-05 17:07:41,601 method:org.apache.http.impl.conn.Wire.wire(Wire.java:87)
http-outgoing-63 >> "{"using":"xpath","value":"//*[@id=\"wiseoper-content\"]/div[3]/div/div[1]/span[3]"}"
[DEBUG] 2017-07-05 17:07:41,614 method:org.apache.http.impl.conn.Wire.wire(Wire.java:73)
http-outgoing-63 << "HTTP/1.1 200 OK[\r][\n]"
[DEBUG] 2017-07-05 17:07:41,614 method:org.apache.http.impl.conn.Wire.wire(Wire.java:73)
http-outgoing-63 << "Content-Length:70[\r][\n]"
[DEBUG] 2017-07-05 17:07:41,614 method:org.apache.http.impl.conn.Wire.wire(Wire.java:73)
http-outgoing-63 << "Content-Type:application/json; charset=utf-8[\r][\n]"
[DEBUG] 2017-07-05 17:07:41,615 method:org.apache.http.impl.conn.Wire.wire(Wire.java:73)
http-outgoing-63 << "Connection:close[\r][\n]"
[DEBUG] 2017-07-05 17:07:41,615 method:org.apache.http.impl.conn.Wire.wire(Wire.java:73)
http-outgoing-63 << "[\r][\n]"
[DEBUG] 2017-07-05 17:07:41,615 method:org.apache.http.impl.conn.Wire.wire(Wire.java:87)
http-outgoing-63 << "{"sessionId":"408d3c17918aedf77d102f992aa918b8","status":0,"value":[]}"
[DEBUG] 2017-07-05 17:07:41,615 method:org.apache.http.impl.conn.LoggingManagedHttpClientConnection.onResponseReceived(LoggingManagedHttpClientConnection.java:122)
http-outgoing-63 << HTTP/1.1 200 OK
[DEBUG] 2017-07-05 17:07:41,615 method:org.apache.http.impl.conn.LoggingManagedHttpClientConnection.onResponseReceived(LoggingManagedHttpClientConnection.java:125)
http-outgoing-63 << Content-Length:70
[DEBUG] 2017-07-05 17:07:41,615 method:org.apache.http.impl.conn.LoggingManagedHttpClientConnection.onResponseReceived(LoggingManagedHttpClientConnection.java:125)
http-outgoing-63 << Content-Type:application/json; charset=utf-8
[DEBUG] 2017-07-05 17:07:41,615 method:org.apache.http.impl.conn.LoggingManagedHttpClientConnection.onResponseReceived(LoggingManagedHttpClientConnection.java:125)
http-outgoing-63 << Connection:close
[DEBUG] 2017-07-05 17:07:41,616 method:org.apache.http.impl.conn.LoggingManagedHttpClientConnection.close(LoggingManagedHttpClientConnection.java:79)
http-outgoing-63: Close connection
[DEBUG] 2017-07-05 17:07:41,616 method:org.apache.http.impl.execchain.ConnectionHolder.releaseConnection(ConnectionHolder.java:104)
Connection discarded
[DEBUG] 2017-07-05 17:07:41,616 method:org.apache.http.impl.conn.PoolingHttpClientConnectionManager.releaseConnection(PoolingHttpClientConnectionManager.java:326)
Connection released: [id: 63][route: {}->http://localhost:23176][total kept alive: 0; route allocated: 0 of 2000; total allocated: 0 of 2000]
[DEBUG] 2017-07-05 17:07:42,126 method:org.apache.http.client.protocol.RequestAddCookies.process(RequestAddCookies.java:123)
CookieSpec selected: default
[DEBUG] 2017-07-05 17:07:42,126 method:org.apache.http.client.protocol.RequestAuthCache.process(RequestAuthCache.java:77)
Auth cache not set in the context
[DEBUG] 2017-07-05 17:07:42,126 method:org.apache.http.impl.conn.PoolingHttpClientConnectionManager.requestConnection(PoolingHttpClientConnectionManager.java:255)
Connection request: [route: {}->http://localhost:23176][total kept alive: 0; route allocated: 0 of 2000; total allocated: 0 of 2000]
[DEBUG] 2017-07-05 17:07:42,126 method:org.apache.http.impl.conn.PoolingHttpClientConnectionManager.leaseConnection(PoolingHttpClientConnectionManager.java:288)
Connection leased: [id: 64][route: {}->http://localhost:23176][total kept alive: 0; route allocated: 1 of 2000; total allocated: 1 of 2000]
[DEBUG] 2017-07-05 17:07:42,126 method:org.apache.http.impl.execchain.MainClientExec.execute(MainClientExec.java:235)
Opening connection {}->http://localhost:23176
[DEBUG] 2017-07-05 17:07:42,126 method:org.apache.http.impl.conn.DefaultHttpClientConnectionOperator.connect(DefaultHttpClientConnectionOperator.java:139)
Connecting to localhost/127.0.0.1:23176
[DEBUG] 2017-07-05 17:07:42,126 method:org.apache.http.impl.conn.DefaultHttpClientConnectionOperator.connect(DefaultHttpClientConnectionOperator.java:146)
Connection established 127.0.0.1:59787<->127.0.0.1:23176
[DEBUG] 2017-07-05 17:07:42,126 method:org.apache.http.impl.conn.LoggingManagedHttpClientConnection.setSocketTimeout(LoggingManagedHttpClientConnection.java:88)
http-outgoing-64: set socket timeout to 10800000
[DEBUG] 2017-07-05 17:07:42,126 method:org.apache.http.impl.execchain.MainClientExec.execute(MainClientExec.java:256)
Executing request POST /session/408d3c17918aedf77d102f992aa918b8/elements HTTP/1.1
[DEBUG] 2017-07-05 17:07:42,126 method:org.apache.http.impl.execchain.MainClientExec.execute(MainClientExec.java:261)
Target auth state: UNCHALLENGED
[DEBUG] 2017-07-05 17:07:42,126 method:org.apache.http.impl.execchain.MainClientExec.execute(MainClientExec.java:267)
Proxy auth state: UNCHALLENGED
[DEBUG] 2017-07-05 17:07:42,126 method:org.apache.http.impl.conn.LoggingManagedHttpClientConnection.onRequestSubmitted(LoggingManagedHttpClientConnection.java:133)
http-outgoing-64 >> POST /session/408d3c17918aedf77d102f992aa918b8/elements HTTP/1.1
[DEBUG] 2017-07-05 17:07:42,126 method:org.apache.http.impl.conn.LoggingManagedHttpClientConnection.onRequestSubmitted(LoggingManagedHttpClientConnection.java:136)
http-outgoing-64 >> Content-Type: application/json; charset=utf-8
[DEBUG] 2017-07-05 17:07:42,126 method:org.apache.http.impl.conn.LoggingManagedHttpClientConnection.onRequestSubmitted(LoggingManagedHttpClientConnection.java:136)
http-outgoing-64 >> Content-Length: 83
[DEBUG] 2017-07-05 17:07:42,126 method:org.apache.http.impl.conn.LoggingManagedHttpClientConnection.onRequestSubmitted(LoggingManagedHttpClientConnection.java:136)
http-outgoing-64 >> Host: localhost:23176
[DEBUG] 2017-07-05 17:07:42,126 method:org.apache.http.impl.conn.LoggingManagedHttpClientConnection.onRequestSubmitted(LoggingManagedHttpClientConnection.java:136)
http-outgoing-64 >> Connection: Keep-Alive
[DEBUG] 2017-07-05 17:07:42,126 method:org.apache.http.impl.conn.LoggingManagedHttpClientConnection.onRequestSubmitted(LoggingManagedHttpClientConnection.java:136)
http-outgoing-64 >> User-Agent: Apache-HttpClient/4.5.3 (Java/1.8.0_111)
[DEBUG] 2017-07-05 17:07:42,126 method:org.apache.http.impl.conn.LoggingManagedHttpClientConnection.onRequestSubmitted(LoggingManagedHttpClientConnection.java:136)
http-outgoing-64 >> Accept-Encoding: gzip,deflate
[DEBUG] 2017-07-05 17:07:42,126 method:org.apache.http.impl.conn.Wire.wire(Wire.java:73)
http-outgoing-64 >> "POST /session/408d3c17918aedf77d102f992aa918b8/elements HTTP/1.1[\r][\n]"
[DEBUG] 2017-07-05 17:07:42,126 method:org.apache.http.impl.conn.Wire.wire(Wire.java:73)
http-outgoing-64 >> "Content-Type: application/json; charset=utf-8[\r][\n]"
[DEBUG] 2017-07-05 17:07:42,126 method:org.apache.http.impl.conn.Wire.wire(Wire.java:73)
http-outgoing-64 >> "Content-Length: 83[\r][\n]"
[DEBUG] 2017-07-05 17:07:42,126 method:org.apache.http.impl.conn.Wire.wire(Wire.java:73)
http-outgoing-64 >> "Host: localhost:23176[\r][\n]"
[DEBUG] 2017-07-05 17:07:42,126 method:org.apache.http.impl.conn.Wire.wire(Wire.java:73)
http-outgoing-64 >> "Connection: Keep-Alive[\r][\n]"
[DEBUG] 2017-07-05 17:07:42,126 method:org.apache.http.impl.conn.Wire.wire(Wire.java:73)
http-outgoing-64 >> "User-Agent: Apache-HttpClient/4.5.3 (Java/1.8.0_111)[\r][\n]"
[DEBUG] 2017-07-05 17:07:42,126 method:org.apache.http.impl.conn.Wire.wire(Wire.java:73)
http-outgoing-64 >> "Accept-Encoding: gzip,deflate[\r][\n]"
[DEBUG] 2017-07-05 17:07:42,126 method:org.apache.http.impl.conn.Wire.wire(Wire.java:73)
http-outgoing-64 >> "[\r][\n]"
[DEBUG] 2017-07-05 17:07:42,126 method:org.apache.http.impl.conn.Wire.wire(Wire.java:87)
http-outgoing-64 >> "{"using":"xpath","value":"//*[@id=\"wiseoper-content\"]/div[3]/div/div[1]/span[3]"}"
[DEBUG] 2017-07-05 17:07:42,126 method:org.apache.http.impl.conn.Wire.wire(Wire.java:73)
http-outgoing-64 << "HTTP/1.1 200 OK[\r][\n]"
[DEBUG] 2017-07-05 17:07:42,126 method:org.apache.http.impl.conn.Wire.wire(Wire.java:73)
http-outgoing-64 << "Content-Length:70[\r][\n]"
[DEBUG] 2017-07-05 17:07:42,126 method:org.apache.http.impl.conn.Wire.wire(Wire.java:73)
http-outgoing-64 << "Content-Type:application/json; charset=utf-8[\r][\n]"
[DEBUG] 2017-07-05 17:07:42,126 method:org.apache.http.impl.conn.Wire.wire(Wire.java:73)
http-outgoing-64 << "Connection:close[\r][\n]"
[DEBUG] 2017-07-05 17:07:42,126 method:org.apache.http.impl.conn.Wire.wire(Wire.java:73)
http-outgoing-64 << "[\r][\n]"
[DEBUG] 2017-07-05 17:07:42,126 method:org.apache.http.impl.conn.Wire.wire(Wire.java:87)
http-outgoing-64 << "{"sessionId":"408d3c17918aedf77d102f992aa918b8","status":0,"value":[]}"
[DEBUG] 2017-07-05 17:07:42,126 method:org.apache.http.impl.conn.LoggingManagedHttpClientConnection.onResponseReceived(LoggingManagedHttpClientConnection.java:122)
http-outgoing-64 << HTTP/1.1 200 OK
[DEBUG] 2017-07-05 17:07:42,142 method:org.apache.http.impl.conn.LoggingManagedHttpClientConnection.onResponseReceived(LoggingManagedHttpClientConnection.java:125)
http-outgoing-64 << Content-Length:70
[DEBUG] 2017-07-05 17:07:42,142 method:org.apache.http.impl.conn.LoggingManagedHttpClientConnection.onResponseReceived(LoggingManagedHttpClientConnection.java:125)
http-outgoing-64 << Content-Type:application/json; charset=utf-8
[DEBUG] 2017-07-05 17:07:42,142 method:org.apache.http.impl.conn.LoggingManagedHttpClientConnection.onResponseReceived(LoggingManagedHttpClientConnection.java:125)
http-outgoing-64 << Connection:close
[DEBUG] 2017-07-05 17:07:42,142 method:org.apache.http.impl.conn.LoggingManagedHttpClientConnection.close(LoggingManagedHttpClientConnection.java:79)
http-outgoing-64: Close connection
[DEBUG] 2017-07-05 17:07:42,142 method:org.apache.http.impl.execchain.ConnectionHolder.releaseConnection(ConnectionHolder.java:104)
Connection discarded
[DEBUG] 2017-07-05 17:07:42,142 method:org.apache.http.impl.conn.PoolingHttpClientConnectionManager.releaseConnection(PoolingHttpClientConnectionManager.java:326)
Connection released: [id: 64][route: {}->http://localhost:23176][total kept alive: 0; route allocated: 0 of 2000; total allocated: 0 of 2000]
[DEBUG] 2017-07-05 17:07:42,645 method:org.apache.http.client.protocol.RequestAddCookies.process(RequestAddCookies.java:123)
CookieSpec selected: default
[DEBUG] 2017-07-05 17:07:42,646 method:org.apache.http.client.protocol.RequestAuthCache.process(RequestAuthCache.java:77)
Auth cache not set in the context
[DEBUG] 2017-07-05 17:07:42,647 method:org.apache.http.impl.conn.PoolingHttpClientConnectionManager.requestConnection(PoolingHttpClientConnectionManager.java:255)
Connection request: [route: {}->http://localhost:23176][total kept alive: 0; route allocated: 0 of 2000; total allocated: 0 of 2000]
[DEBUG] 2017-07-05 17:07:42,647 method:org.apache.http.impl.conn.PoolingHttpClientConnectionManager.leaseConnection(PoolingHttpClientConnectionManager.java:288)
Connection leased: [id: 65][route: {}->http://localhost:23176][total kept alive: 0; route allocated: 1 of 2000; total allocated: 1 of 2000]
[DEBUG] 2017-07-05 17:07:42,648 method:org.apache.http.impl.execchain.MainClientExec.execute(MainClientExec.java:235)
Opening connection {}->http://localhost:23176
[DEBUG] 2017-07-05 17:07:42,648 method:org.apache.http.impl.conn.DefaultHttpClientConnectionOperator.connect(DefaultHttpClientConnectionOperator.java:139)
Connecting to localhost/127.0.0.1:23176
[DEBUG] 2017-07-05 17:07:42,650 method:org.apache.http.impl.conn.DefaultHttpClientConnectionOperator.connect(DefaultHttpClientConnectionOperator.java:146)
Connection established 127.0.0.1:59788<->127.0.0.1:23176
[DEBUG] 2017-07-05 17:07:42,650 method:org.apache.http.impl.conn.LoggingManagedHttpClientConnection.setSocketTimeout(LoggingManagedHttpClientConnection.java:88)
http-outgoing-65: set socket timeout to 10800000
[DEBUG] 2017-07-05 17:07:42,651 method:org.apache.http.impl.execchain.MainClientExec.execute(MainClientExec.java:256)
Executing request POST /session/408d3c17918aedf77d102f992aa918b8/elements HTTP/1.1
[DEBUG] 2017-07-05 17:07:42,651 method:org.apache.http.impl.execchain.MainClientExec.execute(MainClientExec.java:261)
Target auth state: UNCHALLENGED
[DEBUG] 2017-07-05 17:07:42,651 method:org.apache.http.impl.execchain.MainClientExec.execute(MainClientExec.java:267)
Proxy auth state: UNCHALLENGED
[DEBUG] 2017-07-05 17:07:42,652 method:org.apache.http.impl.conn.LoggingManagedHttpClientConnection.onRequestSubmitted(LoggingManagedHttpClientConnection.java:133)
http-outgoing-65 >> POST /session/408d3c17918aedf77d102f992aa918b8/elements HTTP/1.1
[DEBUG] 2017-07-05 17:07:42,652 method:org.apache.http.impl.conn.LoggingManagedHttpClientConnection.onRequestSubmitted(LoggingManagedHttpClientConnection.java:136)
http-outgoing-65 >> Content-Type: application/json; charset=utf-8
[DEBUG] 2017-07-05 17:07:42,653 method:org.apache.http.impl.conn.LoggingManagedHttpClientConnection.onRequestSubmitted(LoggingManagedHttpClientConnection.java:136)
http-outgoing-65 >> Content-Length: 83
[DEBUG] 2017-07-05 17:07:42,653 method:org.apache.http.impl.conn.LoggingManagedHttpClientConnection.onRequestSubmitted(LoggingManagedHttpClientConnection.java:136)
http-outgoing-65 >> Host: localhost:23176
[DEBUG] 2017-07-05 17:07:42,653 method:org.apache.http.impl.conn.LoggingManagedHttpClientConnection.onRequestSubmitted(LoggingManagedHttpClientConnection.java:136)
http-outgoing-65 >> Connection: Keep-Alive
[DEBUG] 2017-07-05 17:07:42,654 method:org.apache.http.impl.conn.LoggingManagedHttpClientConnection.onRequestSubmitted(LoggingManagedHttpClientConnection.java:136)
http-outgoing-65 >> User-Agent: Apache-HttpClient/4.5.3 (Java/1.8.0_111)
[DEBUG] 2017-07-05 17:07:42,654 method:org.apache.http.impl.conn.LoggingManagedHttpClientConnection.onRequestSubmitted(LoggingManagedHttpClientConnection.java:136)
http-outgoing-65 >> Accept-Encoding: gzip,deflate
[DEBUG] 2017-07-05 17:07:42,655 method:org.apache.http.impl.conn.Wire.wire(Wire.java:73)
http-outgoing-65 >> "POST /session/408d3c17918aedf77d102f992aa918b8/elements HTTP/1.1[\r][\n]"
[DEBUG] 2017-07-05 17:07:42,655 method:org.apache.http.impl.conn.Wire.wire(Wire.java:73)
http-outgoing-65 >> "Content-Type: application/json; charset=utf-8[\r][\n]"
[DEBUG] 2017-07-05 17:07:42,655 method:org.apache.http.impl.conn.Wire.wire(Wire.java:73)
http-outgoing-65 >> "Content-Length: 83[\r][\n]"
[DEBUG] 2017-07-05 17:07:42,656 method:org.apache.http.impl.conn.Wire.wire(Wire.java:73)
http-outgoing-65 >> "Host: localhost:23176[\r][\n]"
[DEBUG] 2017-07-05 17:07:42,656 method:org.apache.http.impl.conn.Wire.wire(Wire.java:73)
http-outgoing-65 >> "Connection: Keep-Alive[\r][\n]"
[DEBUG] 2017-07-05 17:07:42,656 method:org.apache.http.impl.conn.Wire.wire(Wire.java:73)
http-outgoing-65 >> "User-Agent: Apache-HttpClient/4.5.3 (Java/1.8.0_111)[\r][\n]"
[DEBUG] 2017-07-05 17:07:42,657 method:org.apache.http.impl.conn.Wire.wire(Wire.java:73)
http-outgoing-65 >> "Accept-Encoding: gzip,deflate[\r][\n]"
[DEBUG] 2017-07-05 17:07:42,657 method:org.apache.http.impl.conn.Wire.wire(Wire.java:73)
http-outgoing-65 >> "[\r][\n]"
[DEBUG] 2017-07-05 17:07:42,657 method:org.apache.http.impl.conn.Wire.wire(Wire.java:87)
http-outgoing-65 >> "{"using":"xpath","value":"//*[@id=\"wiseoper-content\"]/div[3]/div/div[1]/span[3]"}"
[DEBUG] 2017-07-05 17:07:42,671 method:org.apache.http.impl.conn.Wire.wire(Wire.java:73)
http-outgoing-65 << "HTTP/1.1 200 OK[\r][\n]"
[DEBUG] 2017-07-05 17:07:42,671 method:org.apache.http.impl.conn.Wire.wire(Wire.java:73)
http-outgoing-65 << "Content-Length:70[\r][\n]"
[DEBUG] 2017-07-05 17:07:42,671 method:org.apache.http.impl.conn.Wire.wire(Wire.java:73)
http-outgoing-65 << "Content-Type:application/json; charset=utf-8[\r][\n]"
[DEBUG] 2017-07-05 17:07:42,672 method:org.apache.http.impl.conn.Wire.wire(Wire.java:73)
http-outgoing-65 << "Connection:close[\r][\n]"
[DEBUG] 2017-07-05 17:07:42,672 method:org.apache.http.impl.conn.Wire.wire(Wire.java:73)
http-outgoing-65 << "[\r][\n]"
[DEBUG] 2017-07-05 17:07:42,672 method:org.apache.http.impl.conn.Wire.wire(Wire.java:87)
http-outgoing-65 << "{"sessionId":"408d3c17918aedf77d102f992aa918b8","status":0,"value":[]}"
[DEBUG] 2017-07-05 17:07:42,672 method:org.apache.http.impl.conn.LoggingManagedHttpClientConnection.onResponseReceived(LoggingManagedHttpClientConnection.java:122)
http-outgoing-65 << HTTP/1.1 200 OK
[DEBUG] 2017-07-05 17:07:42,672 method:org.apache.http.impl.conn.LoggingManagedHttpClientConnection.onResponseReceived(LoggingManagedHttpClientConnection.java:125)
http-outgoing-65 << Content-Length:70
[DEBUG] 2017-07-05 17:07:42,672 method:org.apache.http.impl.conn.LoggingManagedHttpClientConnection.onResponseReceived(LoggingManagedHttpClientConnection.java:125)
http-outgoing-65 << Content-Type:application/json; charset=utf-8
[DEBUG] 2017-07-05 17:07:42,673 method:org.apache.http.impl.conn.LoggingManagedHttpClientConnection.onResponseReceived(LoggingManagedHttpClientConnection.java:125)
http-outgoing-65 << Connection:close
[DEBUG] 2017-07-05 17:07:42,673 method:org.apache.http.impl.conn.LoggingManagedHttpClientConnection.close(LoggingManagedHttpClientConnection.java:79)
http-outgoing-65: Close connection
[DEBUG] 2017-07-05 17:07:42,673 method:org.apache.http.impl.execchain.ConnectionHolder.releaseConnection(ConnectionHolder.java:104)
Connection discarded
[DEBUG] 2017-07-05 17:07:42,673 method:org.apache.http.impl.conn.PoolingHttpClientConnectionManager.releaseConnection(PoolingHttpClientConnectionManager.java:326)
Connection released: [id: 65][route: {}->http://localhost:23176][total kept alive: 0; route allocated: 0 of 2000; total allocated: 0 of 2000]
]]></system-out>
    <system-err><![CDATA[Starting ChromeDriver 2.29.461591 (62ebf098771772160f391d75e589dc567915b233) on port 23176
Only local connections are allowed.
七月 05, 2017 5:07:11 下午 org.openqa.selenium.remote.ProtocolHandshake createSession
信息: Detected dialect: OSS
]]></system-err>
  </testcase>
</testsuite>